nohup: ignoring input
----------------------------------------------------------------------------------------
SVMTool v1.3
(C) 2006 TALP RESEARCH CENTER.
Written by Jesus Gimenez and Lluis Marquez.
----------------------------------------------------------------------------------------
TRAINING SET = /home/jgimenez/resources/corpora/Ancora/words_es.WP
----------------------------------------------------------------------------------------
----------------------------------------------------------------------------------------

CREATING DICTIONARY <Ancora_es.DICT> FROM </home/jgimenez/resources/corpora/Ancora/words_es.WP>
AUTOMATICALLY REPAIRING DICTIONARY <Ancora_es.DICT> [0.001] (#REPAIRINGS = 22)
..........10000..........20000..........30000..........40000..........50000..........60000..........70000..........80000..........90000..........100000..........110000..........120000..........130000..........140000..DICTIONARY <Ancora_es.DICT> [46485 words]

*********************************************************************************************
BUILDING MODELS... [MODE = 1 :: DIRECTON = LR]
*********************************************************************************************


=============================================================================================
=============================================================================================
---------------------------------------------------------------------------------------------
---------------------------------------------------------------------------------------------
BUILDING MODELS ON WHOLE CORPUS </home/jgimenez/resources/corpora/Ancora/words_es.WP>
C PARAMETER [MODE = 1 :: DIRECTON = LR]:   KNOWN [ C = 0.091 ] :: UNKNOWN [ C = 0.14 ]
---------------------------------------------------------------------------------------------
---------------------------------------------------------------------------------------------
---------------- KNOWN WORDS... [MODE = 1 :: DIRECTON = LR] -------------------
FEATURE EXTRACTION from < /home/jgimenez/resources/corpora/Ancora/words_es.WP > onto < Ancora_es.M1.LR.SAMPLES > .............10000..........20000..........30000..........40000..........50000..........60000..........70000..........80000..........90000..........100000..........110000..........120000..........130000..........140000..........150000..........160000..........170000..........180000..........190000..........200000..........210000..........220000..........230000..........240000..........250000..........260000..........270000..........280000..........290000..........300000..........310000..........320000..........330000..........340000..........350000..........360000..........370000..........380000..........390000..........400000..........410000..........420000..........430000..........440000..........450000..........460000..........470000..........480000..........490000..........500000..........510000..........517130 WORDS [DONE]
MAKING MAPPING from <Ancora_es.M1.LR.SAMPLES>... [DONE]
FILTERING MAPING (minfreq = 2 :: maxmapsize = 100000)
WRITING MAPPING <Ancora_es.M1.LR.SAMPLES.MAP>... [FREQ = 4] :: [SIZE = 73690] [DONE]
MAPPING DATA FEATURES from <Ancora_es.M1.LR.SAMPLES> to <Ancora_es.M1.LR.SAMPLES.DSF>.....142830 [DONE]
LEARNING SVM MODELS... [C = 0.091] ..AO..AQ..CC..CS..DA..DD..DE..DI..DN..DP..DT..Fe..Fia..Fit..Fp..Fpt..Fz..I..NC..NP..P0..PD..PE..PI..PN..PP..PR..PT..PX..RG..RN..RP..SP..VAI..VAM..VAN..VAS..VMI..VMM..VMN..VMP..VMS..VSI..VSM..VSN..VSS..W..Z..Zm..Zp [DONE]
BENCHMARK TIME: 551.0000
---------------- UNKNOWN WORDS... [MODE = 1 :: DIRECTON = LR] -------------------
FEATURE EXTRACTION from < /home/jgimenez/resources/corpora/Ancora/words_es.WP > onto < Ancora_es.UNK.M1.LR.SAMPLES > ..........................................10000..........20000..........30000....517130 WORDS [DONE]
MAKING MAPPING from <Ancora_es.UNK.M1.LR.SAMPLES>... [DONE]
FILTERING MAPING (minfreq = 2 :: maxmapsize = 100000)
WRITING MAPPING <Ancora_es.UNK.M1.LR.SAMPLES.MAP>... [FREQ = 2] :: [SIZE = 45795] [DONE]
MAPPING DATA FEATURES from <Ancora_es.UNK.M1.LR.SAMPLES> to <Ancora_es.UNK.M1.LR.SAMPLES.DSF>.....31053 [DONE]
LEARNING SVM MODELS... [C = 0.14] ..AO..AQ..CC..CS..DA..DD..DI..DN..DP..DT..Fz..I..NC..NP..P0..PD..PI..PN..PP..PT..PX..RG..RN..SP..VAI..VAN..VAS..VMG..VMI..VMM..VMN..VMP..VMS..VSI..VSN..VSS..W..Z..Zm..Zp [DONE]
BENCHMARK TIME: 349.0000
READING MAPPING FOR KNOWN WORDS...<Ancora_es.M1.LR.SAMPLES.MAP>
READING SVM-MODELS FOR KNOWN WORDS...
AO..AQ..CC..CS..DA..DD..DE..DI..DN..DP..DT..Fe..Fia..Fit..Fp..Fpt..Fz..I..NC..NP..P0..PD..PE..PI..PN..PP..PR..PT..PX..RG..RN..RP..SP..VAI..VAM..VAN..VAS..VMI..VMM..VMN..VMP..VMS..VSI..VSM..VSN..VSS..W..Z..Zm..Zp..[DONE]
MERGING MAPPING and MODELS FOR KNOWN WORDS...
WRITING MERGED MODELS FOR KNOWN WORDS...<Ancora_es.M1.LR.MRG>
READING MAPPING FOR UNKNOWN WORDS...<Ancora_es.UNK.M1.LR.SAMPLES.MAP>
READING SVM-MODELS FOR UNKNOWN WORDS...
AO..AQ..CC..CS..DA..DD..DI..DN..DP..DT..Fz..I..NC..NP..P0..PD..PI..PN..PP..PT..PX..RG..RN..SP..VAI..VAN..VAS..VMG..VMI..VMM..VMN..VMP..VMS..VSI..VSN..VSS..W..Z..Zm..Zp..[DONE]
MERGING MAPPING and MODELS FOR UNKNOWN WORDS...
WRITING MERGED MODELS FOR UNKNOWN WORDS...<Ancora_es.UNK.M1.LR.MRG>
..........10000..........20000..........30000..........40000..........50000..........60000..........70000..........80000..........90000..........100000..........110000..........120000..........130000..........140000..
*********************************************************************************************
BUILDING MODELS... [MODE = 1 :: DIRECTON = RL]
*********************************************************************************************


=============================================================================================
=============================================================================================
---------------------------------------------------------------------------------------------
---------------------------------------------------------------------------------------------
BUILDING MODELS ON WHOLE CORPUS <Ancora_es.REV>
C PARAMETER [MODE = 1 :: DIRECTON = RL]:   KNOWN [ C = 0.1985 ] :: UNKNOWN [ C = 0.0725 ]
---------------------------------------------------------------------------------------------
---------------------------------------------------------------------------------------------
---------------- KNOWN WORDS... [MODE = 1 :: DIRECTON = RL] -------------------
FEATURE EXTRACTION from < Ancora_es.REV > onto < Ancora_es.M1.RL.SAMPLES > .............10000..........20000..........30000..........40000..........50000..........60000..........70000..........80000..........90000..........100000..........110000..........120000..........130000..........140000..........150000..........160000..........170000..........180000..........190000..........200000..........210000..........220000..........230000..........240000..........250000..........260000..........270000..........280000..........290000..........300000..........310000..........320000..........330000..........340000..........350000..........360000..........370000..........380000..........390000..........400000..........410000..........420000..........430000..........440000..........450000..........460000..........470000..........480000..........490000..........500000..........510000..........517130 WORDS [DONE]
MAKING MAPPING from <Ancora_es.M1.RL.SAMPLES>... [DONE]
FILTERING MAPING (minfreq = 2 :: maxmapsize = 100000)
WRITING MAPPING <Ancora_es.M1.RL.SAMPLES.MAP>... [FREQ = 4] :: [SIZE = 73290] [DONE]
MAPPING DATA FEATURES from <Ancora_es.M1.RL.SAMPLES> to <Ancora_es.M1.RL.SAMPLES.DSF>.....142830 [DONE]
LEARNING SVM MODELS... [C = 0.1985] ..AO..AQ..CC..CS..DA..DD..DE..DI..DN..DP..DT..Fe..Fia..Fit..Fp..Fpt..Fz..I..NC..NP..P0..PD..PE..PI..PN..PP..PR..PT..PX..RG..RN..RP..SP..VAI..VAM..VAN..VAS..VMI..VMM..VMN..VMP..VMS..VSI..VSM..VSN..VSS..W..Z..Zm..Zp [DONE]
BENCHMARK TIME: 1550.0000
---------------- UNKNOWN WORDS... [MODE = 1 :: DIRECTON = RL] -------------------
FEATURE EXTRACTION from < Ancora_es.REV > onto < Ancora_es.UNK.M1.RL.SAMPLES > .............................10000..........20000..........30000....517130 WORDS [DONE]
MAKING MAPPING from <Ancora_es.UNK.M1.RL.SAMPLES>... [DONE]
FILTERING MAPING (minfreq = 2 :: maxmapsize = 100000)
WRITING MAPPING <Ancora_es.UNK.M1.RL.SAMPLES.MAP>... [FREQ = 2] :: [SIZE = 47189] [DONE]
MAPPING DATA FEATURES from <Ancora_es.UNK.M1.RL.SAMPLES> to <Ancora_es.UNK.M1.RL.SAMPLES.DSF>.....31709 [DONE]
LEARNING SVM MODELS... [C = 0.0725] ..AO..AQ..CC..CS..DA..DD..DI..DN..DP..DT..Fz..I..NC..NP..P0..PD..PI..PN..PP..PT..PX..RG..RN..SP..VAI..VAN..VAS..VMG..VMI..VMM..VMN..VMP..VMS..VSI..VSN..VSS..W..Z..Zm..Zp [DONE]
BENCHMARK TIME: 459.0000
READING MAPPING FOR KNOWN WORDS...<Ancora_es.M1.RL.SAMPLES.MAP>
READING SVM-MODELS FOR KNOWN WORDS...
AO..AQ..CC..CS..DA..DD..DE..DI..DN..DP..DT..Fe..Fia..Fit..Fp..Fpt..Fz..I..NC..NP..P0..PD..PE..PI..PN..PP..PR..PT..PX..RG..RN..RP..SP..VAI..VAM..VAN..VAS..VMI..VMM..VMN..VMP..VMS..VSI..VSM..VSN..VSS..W..Z..Zm..Zp..[DONE]
MERGING MAPPING and MODELS FOR KNOWN WORDS...
WRITING MERGED MODELS FOR KNOWN WORDS...<Ancora_es.M1.RL.MRG>
READING MAPPING FOR UNKNOWN WORDS...<Ancora_es.UNK.M1.RL.SAMPLES.MAP>
READING SVM-MODELS FOR UNKNOWN WORDS...
AO..AQ..CC..CS..DA..DD..DI..DN..DP..DT..Fz..I..NC..NP..P0..PD..PI..PN..PP..PT..PX..RG..RN..SP..VAI..VAN..VAS..VMG..VMI..VMM..VMN..VMP..VMS..VSI..VSN..VSS..W..Z..Zm..Zp..[DONE]
MERGING MAPPING and MODELS FOR UNKNOWN WORDS...
WRITING MERGED MODELS FOR UNKNOWN WORDS...<Ancora_es.UNK.M1.RL.MRG>
..........10000..........20000..........30000..........40000..........50000..........60000..........70000..........80000..........90000..........100000..........110000..........120000..........130000..........140000..
*********************************************************************************************
BUILDING MODELS... [MODE = 2 :: DIRECTON = LR]
*********************************************************************************************


=============================================================================================
=============================================================================================
---------------------------------------------------------------------------------------------
---------------------------------------------------------------------------------------------
BUILDING MODELS ON WHOLE CORPUS </home/jgimenez/resources/corpora/Ancora/words_es.WP>
C PARAMETER [MODE = 2 :: DIRECTON = LR]:   KNOWN [ C = 0.32 ] :: UNKNOWN [ C = 1.045 ]
---------------------------------------------------------------------------------------------
---------------------------------------------------------------------------------------------
---------------- KNOWN WORDS... [MODE = 2 :: DIRECTON = LR] -------------------
FEATURE EXTRACTION from < /home/jgimenez/resources/corpora/Ancora/words_es.WP > onto < Ancora_es.M2.LR.SAMPLES > .............10000..........20000..........30000..........40000..........50000..........60000..........70000..........80000..........90000..........100000..........110000..........120000..........130000..........140000..........150000..........160000..........170000..........180000..........190000..........200000..........210000..........220000..........230000..........240000..........250000..........260000..........270000..........280000..........290000..........300000..........310000..........320000..........330000..........340000..........350000..........360000..........370000..........380000..........390000..........400000..........410000..........420000..........430000..........440000..........450000..........460000..........470000..........480000..........490000..........500000..........510000..........517130 WORDS [DONE]
MAKING MAPPING from <Ancora_es.M2.LR.SAMPLES>... [DONE]
FILTERING MAPING (minfreq = 2 :: maxmapsize = 100000)
WRITING MAPPING <Ancora_es.M2.LR.SAMPLES.MAP>... [FREQ = 3] :: [SIZE = 81143] [DONE]
MAPPING DATA FEATURES from <Ancora_es.M2.LR.SAMPLES> to <Ancora_es.M2.LR.SAMPLES.DSF>.....142830 [DONE]
LEARNING SVM MODELS... [C = 0.32] ..AO..AQ..CC..CS..DA..DD..DE..DI..DN..DP..DT..Fe..Fia..Fit..Fp..Fpt..Fz..I..NC..NP..P0..PD..PE..PI..PN..PP..PR..PT..PX..RG..RN..RP..SP..VAI..VAM..VAN..VAS..VMI..VMM..VMN..VMP..VMS..VSI..VSM..VSN..VSS..W..Z..Zm..Zp [DONE]
BENCHMARK TIME: 1256.0000
---------------- UNKNOWN WORDS... [MODE = 2 :: DIRECTON = LR] -------------------
FEATURE EXTRACTION from < /home/jgimenez/resources/corpora/Ancora/words_es.WP > onto < Ancora_es.UNK.M2.LR.SAMPLES > ..........................................10000..........20000..........30000....517130 WORDS [DONE]
MAKING MAPPING from <Ancora_es.UNK.M2.LR.SAMPLES>... [DONE]
FILTERING MAPING (minfreq = 2 :: maxmapsize = 100000)
WRITING MAPPING <Ancora_es.UNK.M2.LR.SAMPLES.MAP>... [FREQ = 2] :: [SIZE = 37939] [DONE]
MAPPING DATA FEATURES from <Ancora_es.UNK.M2.LR.SAMPLES> to <Ancora_es.UNK.M2.LR.SAMPLES.DSF>.....31053 [DONE]
LEARNING SVM MODELS... [C = 1.045] ..AO..AQ..CC..CS..DA..DD..DI..DN..DP..DT..Fz..I..NC..NP..P0..PD..PI..PN..PP..PT..PX..RG..RN..SP..VAI..VAN..VAS..VMG..VMI..VMM..VMN..VMP..VMS..VSI..VSN..VSS..W..Z..Zm..Zp [DONE]
BENCHMARK TIME: 630.0000
READING MAPPING FOR KNOWN WORDS...<Ancora_es.M2.LR.SAMPLES.MAP>
READING SVM-MODELS FOR KNOWN WORDS...
AO..AQ..CC..CS..DA..DD..DE..DI..DN..DP..DT..Fe..Fia..Fit..Fp..Fpt..Fz..I..NC..NP..P0..PD..PE..PI..PN..PP..PR..PT..PX..RG..RN..RP..SP..VAI..VAM..VAN..VAS..VMI..VMM..VMN..VMP..VMS..VSI..VSM..VSN..VSS..W..Z..Zm..Zp..[DONE]
MERGING MAPPING and MODELS FOR KNOWN WORDS...
WRITING MERGED MODELS FOR KNOWN WORDS...<Ancora_es.M2.LR.MRG>
READING MAPPING FOR UNKNOWN WORDS...<Ancora_es.UNK.M2.LR.SAMPLES.MAP>
READING SVM-MODELS FOR UNKNOWN WORDS...
AO..AQ..CC..CS..DA..DD..DI..DN..DP..DT..Fz..I..NC..NP..P0..PD..PI..PN..PP..PT..PX..RG..RN..SP..VAI..VAN..VAS..VMG..VMI..VMM..VMN..VMP..VMS..VSI..VSN..VSS..W..Z..Zm..Zp..[DONE]
MERGING MAPPING and MODELS FOR UNKNOWN WORDS...
WRITING MERGED MODELS FOR UNKNOWN WORDS...<Ancora_es.UNK.M2.LR.MRG>
..........10000..........20000..........30000..........40000..........50000..........60000..........70000..........80000..........90000..........100000..........110000..........120000..........130000..........140000..
*********************************************************************************************
BUILDING MODELS... [MODE = 2 :: DIRECTON = RL]
*********************************************************************************************


=============================================================================================
=============================================================================================
---------------------------------------------------------------------------------------------
---------------------------------------------------------------------------------------------
BUILDING MODELS ON WHOLE CORPUS <Ancora_es.REV>
C PARAMETER [MODE = 2 :: DIRECTON = RL]:   KNOWN [ C = 1 ] :: UNKNOWN [ C = 0.059 ]
---------------------------------------------------------------------------------------------
---------------------------------------------------------------------------------------------
---------------- KNOWN WORDS... [MODE = 2 :: DIRECTON = RL] -------------------
FEATURE EXTRACTION from < Ancora_es.REV > onto < Ancora_es.M2.RL.SAMPLES > .............10000..........20000..........30000..........40000..........50000..........60000..........70000..........80000..........90000..........100000..........110000..........120000..........130000..........140000..........150000..........160000..........170000..........180000..........190000..........200000..........210000..........220000..........230000..........240000..........250000..........260000..........270000..........280000..........290000..........300000..........310000..........320000..........330000..........340000..........350000..........360000..........370000..........380000..........390000..........400000..........410000..........420000..........430000..........440000..........450000..........460000..........470000..........480000..........490000..........500000..........510000..........517130 WORDS [DONE]
MAKING MAPPING from <Ancora_es.M2.RL.SAMPLES>... [DONE]
FILTERING MAPING (minfreq = 2 :: maxmapsize = 100000)
WRITING MAPPING <Ancora_es.M2.RL.SAMPLES.MAP>... [FREQ = 3] :: [SIZE = 81112] [DONE]
MAPPING DATA FEATURES from <Ancora_es.M2.RL.SAMPLES> to <Ancora_es.M2.RL.SAMPLES.DSF>.....142830 [DONE]
LEARNING SVM MODELS... [C = 1] ..AO..AQ..CC..CS..DA..DD..DE..DI..DN..DP..DT..Fe..Fia..Fit..Fp..Fpt..Fz..I..NC..NP..P0..PD..PE..PI..PN..PP..PR..PT..PX..RG..RN..RP..SP..VAI..VAM..VAN..VAS..VMI..VMM..VMN..VMP..VMS..VSI..VSM..VSN..VSS..W..Z..Zm..Zp [DONE]
BENCHMARK TIME: 1914.0000
---------------- UNKNOWN WORDS... [MODE = 2 :: DIRECTON = RL] -------------------
FEATURE EXTRACTION from < Ancora_es.REV > onto < Ancora_es.UNK.M2.RL.SAMPLES > .............................10000..........20000..........30000....517130 WORDS [DONE]
MAKING MAPPING from <Ancora_es.UNK.M2.RL.SAMPLES>... [DONE]
FILTERING MAPING (minfreq = 2 :: maxmapsize = 100000)
WRITING MAPPING <Ancora_es.UNK.M2.RL.SAMPLES.MAP>... [FREQ = 2] :: [SIZE = 39207] [DONE]
MAPPING DATA FEATURES from <Ancora_es.UNK.M2.RL.SAMPLES> to <Ancora_es.UNK.M2.RL.SAMPLES.DSF>.....31709 [DONE]
LEARNING SVM MODELS... [C = 0.059] ..AO..AQ..CC..CS..DA..DD..DI..DN..DP..DT..Fz..I..NC..NP..P0..PD..PI..PN..PP..PT..PX..RG..RN..SP..VAI..VAN..VAS..VMG..VMI..VMM..VMN..VMP..VMS..VSI..VSN..VSS..W..Z..Zm..Zp [DONE]
BENCHMARK TIME: 272.0000
READING MAPPING FOR KNOWN WORDS...<Ancora_es.M2.RL.SAMPLES.MAP>
READING SVM-MODELS FOR KNOWN WORDS...
AO..AQ..CC..CS..DA..DD..DE..DI..DN..DP..DT..Fe..Fia..Fit..Fp..Fpt..Fz..I..NC..NP..P0..PD..PE..PI..PN..PP..PR..PT..PX..RG..RN..RP..SP..VAI..VAM..VAN..VAS..VMI..VMM..VMN..VMP..VMS..VSI..VSM..VSN..VSS..W..Z..Zm..Zp..[DONE]
MERGING MAPPING and MODELS FOR KNOWN WORDS...
WRITING MERGED MODELS FOR KNOWN WORDS...<Ancora_es.M2.RL.MRG>
READING MAPPING FOR UNKNOWN WORDS...<Ancora_es.UNK.M2.RL.SAMPLES.MAP>
READING SVM-MODELS FOR UNKNOWN WORDS...
AO..AQ..CC..CS..DA..DD..DI..DN..DP..DT..Fz..I..NC..NP..P0..PD..PI..PN..PP..PT..PX..RG..RN..SP..VAI..VAN..VAS..VMG..VMI..VMM..VMN..VMP..VMS..VSI..VSN..VSS..W..Z..Zm..Zp..[DONE]
MERGING MAPPING and MODELS FOR UNKNOWN WORDS...
WRITING MERGED MODELS FOR UNKNOWN WORDS...<Ancora_es.UNK.M2.RL.MRG>
BENCHMARK TIME: 10334.0000

TERMINATION... [DONE]
