nohup: ignoring input
----------------------------------------------------------------------------------------
SVMTool v1.3
(C) 2006 TALP RESEARCH CENTER.
Written by Jesus Gimenez and Lluis Marquez.
----------------------------------------------------------------------------------------
TRAINING SET = /home/jgimenez/resources/corpora/Ancora/words_es.WP
----------------------------------------------------------------------------------------
----------------------------------------------------------------------------------------

CREATING DICTIONARY <Ancora_es.DICT> FROM </home/jgimenez/resources/corpora/Ancora/words_es.WP>
AUTOMATICALLY REPAIRING DICTIONARY <Ancora_es.DICT> [0.001] (#REPAIRINGS = 22)
..........10000..........20000..........30000..........40000..........50000..........60000..........70000..........80000..........90000..........100000..........110000..........120000..........130000..........140000..DICTIONARY <Ancora_es.DICT> [46485 words]

*********************************************************************************************
BUILDING MODELS... [MODE = 0 :: DIRECTON = LR]
*********************************************************************************************


=============================================================================================
=============================================================================================
---------------------------------------------------------------------------------------------
---------------------------------------------------------------------------------------------
BUILDING MODELS ON WHOLE CORPUS </home/jgimenez/resources/corpora/Ancora/words_es.WP>
C PARAMETER [MODE = 0 :: DIRECTON = LR]:   KNOWN [ C = 0.23 ] :: UNKNOWN [ C = 0.1 ]
---------------------------------------------------------------------------------------------
---------------------------------------------------------------------------------------------
---------------- KNOWN WORDS... [MODE = 0 :: DIRECTON = LR] -------------------
FEATURE EXTRACTION from < /home/jgimenez/resources/corpora/Ancora/words_es.WP > onto < Ancora_es.M0.LR.SAMPLES > .............10000..........20000..........30000..........40000..........50000..........60000..........70000..........80000..........90000..........100000..........110000..........120000..........130000..........140000..........150000..........160000..........170000..........180000..........190000..........200000..........210000..........220000..........230000..........240000..........250000..........260000..........270000..........280000..........290000..........300000..........310000..........320000..........330000..........340000..........350000..........360000..........370000..........380000..........390000..........400000..........410000..........420000..........430000..........440000..........450000..........460000..........470000..........480000..........490000..........500000..........510000..........517130 WORDS [DONE]
MAKING MAPPING from <Ancora_es.M0.LR.SAMPLES>... [DONE]
FILTERING MAPING (minfreq = 2 :: maxmapsize = 100000)
WRITING MAPPING <Ancora_es.M0.LR.SAMPLES.MAP>... [FREQ = 3] :: [SIZE = 97028] [DONE]
MAPPING DATA FEATURES from <Ancora_es.M0.LR.SAMPLES> to <Ancora_es.M0.LR.SAMPLES.DSF>.....142830 [DONE]
LEARNING SVM MODELS... [C = 0.23] ..AO..AQ..CC..CS..DA..DD..DE..DI..DN..DP..DT..Fe..Fia..Fit..Fp..Fpt..Fz..I..NC..NP..P0..PD..PE..PI..PN..PP..PR..PT..PX..RG..RN..RP..SP..VAI..VAM..VAN..VAS..VMI..VMM..VMN..VMP..VMS..VSI..VSM..VSN..VSS..W..Z..Zm..Zp [DONE]
BENCHMARK TIME: 558.0000
---------------- UNKNOWN WORDS... [MODE = 0 :: DIRECTON = LR] -------------------
FEATURE EXTRACTION from < /home/jgimenez/resources/corpora/Ancora/words_es.WP > onto < Ancora_es.UNK.M0.LR.SAMPLES > ..........................................10000..........20000..........30000....517130 WORDS [DONE]
MAKING MAPPING from <Ancora_es.UNK.M0.LR.SAMPLES>... [DONE]
FILTERING MAPING (minfreq = 2 :: maxmapsize = 100000)
WRITING MAPPING <Ancora_es.UNK.M0.LR.SAMPLES.MAP>... [FREQ = 2] :: [SIZE = 45681] [DONE]
MAPPING DATA FEATURES from <Ancora_es.UNK.M0.LR.SAMPLES> to <Ancora_es.UNK.M0.LR.SAMPLES.DSF>.....31053 [DONE]
LEARNING SVM MODELS... [C = 0.1] ..AO..AQ..CC..CS..DA..DD..DI..DN..DP..DT..Fz..I..NC..NP..P0..PD..PI..PN..PP..PT..PX..RG..RN..SP..VAI..VAN..VAS..VMG..VMI..VMM..VMN..VMP..VMS..VSI..VSN..VSS..W..Z..Zm..Zp [DONE]
BENCHMARK TIME: 154.0000
READING MAPPING FOR KNOWN WORDS...<Ancora_es.M0.LR.SAMPLES.MAP>
READING SVM-MODELS FOR KNOWN WORDS...
AO..AQ..CC..CS..DA..DD..DE..DI..DN..DP..DT..Fe..Fia..Fit..Fp..Fpt..Fz..I..NC..NP..P0..PD..PE..PI..PN..PP..PR..PT..PX..RG..RN..RP..SP..VAI..VAM..VAN..VAS..VMI..VMM..VMN..VMP..VMS..VSI..VSM..VSN..VSS..W..Z..Zm..Zp..[DONE]
MERGING MAPPING and MODELS FOR KNOWN WORDS...
WRITING MERGED MODELS FOR KNOWN WORDS...<Ancora_es.M0.LR.MRG>
READING MAPPING FOR UNKNOWN WORDS...<Ancora_es.UNK.M0.LR.SAMPLES.MAP>
READING SVM-MODELS FOR UNKNOWN WORDS...
AO..AQ..CC..CS..DA..DD..DI..DN..DP..DT..Fz..I..NC..NP..P0..PD..PI..PN..PP..PT..PX..RG..RN..SP..VAI..VAN..VAS..VMG..VMI..VMM..VMN..VMP..VMS..VSI..VSN..VSS..W..Z..Zm..Zp..[DONE]
MERGING MAPPING and MODELS FOR UNKNOWN WORDS...
WRITING MERGED MODELS FOR UNKNOWN WORDS...<Ancora_es.UNK.M0.LR.MRG>
..........10000..........20000..........30000..........40000..........50000..........60000..........70000..........80000..........90000..........100000..........110000..........120000..........130000..........140000..
*********************************************************************************************
BUILDING MODELS... [MODE = 0 :: DIRECTON = RL]
*********************************************************************************************


=============================================================================================
=============================================================================================
---------------------------------------------------------------------------------------------
---------------------------------------------------------------------------------------------
BUILDING MODELS ON WHOLE CORPUS <Ancora_es.REV>
C PARAMETER [MODE = 0 :: DIRECTON = RL]:   KNOWN [ C = 0.212 ] :: UNKNOWN [ C = 0.0775 ]
---------------------------------------------------------------------------------------------
---------------------------------------------------------------------------------------------
---------------- KNOWN WORDS... [MODE = 0 :: DIRECTON = RL] -------------------
FEATURE EXTRACTION from < Ancora_es.REV > onto < Ancora_es.M0.RL.SAMPLES > .............10000..........20000..........30000..........40000..........50000..........60000..........70000..........80000..........90000..........100000..........110000..........120000..........130000..........140000..........150000..........160000..........170000..........180000..........190000..........200000..........210000..........220000..........230000..........240000..........250000..........260000..........270000..........280000..........290000..........300000..........310000..........320000..........330000..........340000..........350000..........360000..........370000..........380000..........390000..........400000..........410000..........420000..........430000..........440000..........450000..........460000..........470000..........480000..........490000..........500000..........510000..........517130 WORDS [DONE]
MAKING MAPPING from <Ancora_es.M0.RL.SAMPLES>... [DONE]
FILTERING MAPING (minfreq = 2 :: maxmapsize = 100000)
WRITING MAPPING <Ancora_es.M0.RL.SAMPLES.MAP>... [FREQ = 3] :: [SIZE = 96802] [DONE]
MAPPING DATA FEATURES from <Ancora_es.M0.RL.SAMPLES> to <Ancora_es.M0.RL.SAMPLES.DSF>.....142830 [DONE]
LEARNING SVM MODELS... [C = 0.212] ..AO..AQ..CC..CS..DA..DD..DE..DI..DN..DP..DT..Fe..Fia..Fit..Fp..Fpt..Fz..I..NC..NP..P0..PD..PE..PI..PN..PP..PR..PT..PX..RG..RN..RP..SP..VAI..VAM..VAN..VAS..VMI..VMM..VMN..VMP..VMS..VSI..VSM..VSN..VSS..W..Z..Zm..Zp [DONE]
BENCHMARK TIME: 545.0000
---------------- UNKNOWN WORDS... [MODE = 0 :: DIRECTON = RL] -------------------
FEATURE EXTRACTION from < Ancora_es.REV > onto < Ancora_es.UNK.M0.RL.SAMPLES > .............................10000..........20000..........30000....517130 WORDS [DONE]
MAKING MAPPING from <Ancora_es.UNK.M0.RL.SAMPLES>... [DONE]
FILTERING MAPING (minfreq = 2 :: maxmapsize = 100000)
WRITING MAPPING <Ancora_es.UNK.M0.RL.SAMPLES.MAP>... [FREQ = 2] :: [SIZE = 47391] [DONE]
MAPPING DATA FEATURES from <Ancora_es.UNK.M0.RL.SAMPLES> to <Ancora_es.UNK.M0.RL.SAMPLES.DSF>.....31709 [DONE]
LEARNING SVM MODELS... [C = 0.0775] ..AO..AQ..CC..CS..DA..DD..DI..DN..DP..DT..Fz..I..NC..NP..P0..PD..PI..PN..PP..PT..PX..RG..RN..SP..VAI..VAN..VAS..VMG..VMI..VMM..VMN..VMP..VMS..VSI..VSN..VSS..W..Z..Zm..Zp [DONE]
BENCHMARK TIME: 147.0000
READING MAPPING FOR KNOWN WORDS...<Ancora_es.M0.RL.SAMPLES.MAP>
READING SVM-MODELS FOR KNOWN WORDS...
AO..AQ..CC..CS..DA..DD..DE..DI..DN..DP..DT..Fe..Fia..Fit..Fp..Fpt..Fz..I..NC..NP..P0..PD..PE..PI..PN..PP..PR..PT..PX..RG..RN..RP..SP..VAI..VAM..VAN..VAS..VMI..VMM..VMN..VMP..VMS..VSI..VSM..VSN..VSS..W..Z..Zm..Zp..[DONE]
MERGING MAPPING and MODELS FOR KNOWN WORDS...
WRITING MERGED MODELS FOR KNOWN WORDS...<Ancora_es.M0.RL.MRG>
READING MAPPING FOR UNKNOWN WORDS...<Ancora_es.UNK.M0.RL.SAMPLES.MAP>
READING SVM-MODELS FOR UNKNOWN WORDS...
AO..AQ..CC..CS..DA..DD..DI..DN..DP..DT..Fz..I..NC..NP..P0..PD..PI..PN..PP..PT..PX..RG..RN..SP..VAI..VAN..VAS..VMG..VMI..VMM..VMN..VMP..VMS..VSI..VSN..VSS..W..Z..Zm..Zp..[DONE]
MERGING MAPPING and MODELS FOR UNKNOWN WORDS...
WRITING MERGED MODELS FOR UNKNOWN WORDS...<Ancora_es.UNK.M0.RL.MRG>

*********************************************************************************************
BUILDING MODELS... [MODE = 4 :: DIRECTON = LR]
*********************************************************************************************


=============================================================================================
=============================================================================================
---------------------------------------------------------------------------------------------
---------------------------------------------------------------------------------------------
BUILDING MODELS ON WHOLE CORPUS </home/jgimenez/resources/corpora/Ancora/words_es.WP>
C PARAMETER [MODE = 4 :: DIRECTON = LR]:   KNOWN [ C = 0.1715 ] :: UNKNOWN [ C = 0.1 ]
---------------------------------------------------------------------------------------------
---------------------------------------------------------------------------------------------
---------------- KNOWN WORDS... [MODE = 4 :: DIRECTON = LR] -------------------
FEATURE EXTRACTION from < /home/jgimenez/resources/corpora/Ancora/words_es.WP > onto < Ancora_es.M4.LR.SAMPLES > .............10000..........20000..........30000..........40000..........50000..........60000..........70000..........80000..........90000..........100000..........110000..........120000..........130000..........140000...517130 WORDS [DONE]
MAKING MAPPING from <Ancora_es.M4.LR.SAMPLES>... [DONE]
FILTERING MAPING (minfreq = 2 :: maxmapsize = 100000)
WRITING MAPPING <Ancora_es.M4.LR.SAMPLES.MAP>... [FREQ = 3] :: [SIZE = 95897] [DONE]
MAPPING DATA FEATURES from <Ancora_es.M4.LR.SAMPLES> to <Ancora_es.M4.LR.SAMPLES.DSF>.....140001 [DONE]
LEARNING SVM MODELS... [C = 0.1715] ..AO..AQ..CC..CS..DA..DD..DE..DI..DN..DP..DT..Fe..Fia..Fit..Fp..Fpt..Fz..I..NC..NP..P0..PD..PE..PI..PN..PP..PR..PT..PX..RG..RN..RP..SP..VAI..VAM..VAN..VAS..VMI..VMM..VMN..VMP..VMS..VSI..VSM..VSN..VSS..W..Z..Zm..Zp [DONE]
BENCHMARK TIME: 484.0000
---------------- UNKNOWN WORDS... [MODE = 4 :: DIRECTON = LR] -------------------
FEATURE EXTRACTION from < /home/jgimenez/resources/corpora/Ancora/words_es.WP > onto < Ancora_es.UNK.M4.LR.SAMPLES > ..........................................10000..........20000..........30000....517130 WORDS [DONE]
MAKING MAPPING from <Ancora_es.UNK.M4.LR.SAMPLES>... [DONE]
FILTERING MAPING (minfreq = 2 :: maxmapsize = 100000)
WRITING MAPPING <Ancora_es.UNK.M4.LR.SAMPLES.MAP>... [FREQ = 2] :: [SIZE = 45681] [DONE]
MAPPING DATA FEATURES from <Ancora_es.UNK.M4.LR.SAMPLES> to <Ancora_es.UNK.M4.LR.SAMPLES.DSF>.....31053 [DONE]
LEARNING SVM MODELS... [C = 0.1] ..AO..AQ..CC..CS..DA..DD..DI..DN..DP..DT..Fz..I..NC..NP..P0..PD..PI..PN..PP..PT..PX..RG..RN..SP..VAI..VAN..VAS..VMG..VMI..VMM..VMN..VMP..VMS..VSI..VSN..VSS..W..Z..Zm..Zp [DONE]
BENCHMARK TIME: 148.0000
READING MAPPING FOR KNOWN WORDS...<Ancora_es.M4.LR.SAMPLES.MAP>
READING SVM-MODELS FOR KNOWN WORDS...
AO..AQ..CC..CS..DA..DD..DE..DI..DN..DP..DT..Fe..Fia..Fit..Fp..Fpt..Fz..I..NC..NP..P0..PD..PE..PI..PN..PP..PR..PT..PX..RG..RN..RP..SP..VAI..VAM..VAN..VAS..VMI..VMM..VMN..VMP..VMS..VSI..VSM..VSN..VSS..W..Z..Zm..Zp..[DONE]
MERGING MAPPING and MODELS FOR KNOWN WORDS...
WRITING MERGED MODELS FOR KNOWN WORDS...<Ancora_es.M4.LR.MRG>
READING MAPPING FOR UNKNOWN WORDS...<Ancora_es.UNK.M4.LR.SAMPLES.MAP>
READING SVM-MODELS FOR UNKNOWN WORDS...
AO..AQ..CC..CS..DA..DD..DI..DN..DP..DT..Fz..I..NC..NP..P0..PD..PI..PN..PP..PT..PX..RG..RN..SP..VAI..VAN..VAS..VMG..VMI..VMM..VMN..VMP..VMS..VSI..VSN..VSS..W..Z..Zm..Zp..[DONE]
MERGING MAPPING and MODELS FOR UNKNOWN WORDS...
WRITING MERGED MODELS FOR UNKNOWN WORDS...<Ancora_es.UNK.M4.LR.MRG>

*********************************************************************************************
BUILDING MODELS... [MODE = 4 :: DIRECTON = RL]
*********************************************************************************************


=============================================================================================
=============================================================================================
---------------------------------------------------------------------------------------------
---------------------------------------------------------------------------------------------
BUILDING MODELS ON WHOLE CORPUS <Ancora_es.REV>
C PARAMETER [MODE = 4 :: DIRECTON = RL]:   KNOWN [ C = 0.2795 ] :: UNKNOWN [ C = 0.109 ]
---------------------------------------------------------------------------------------------
---------------------------------------------------------------------------------------------
---------------- KNOWN WORDS... [MODE = 4 :: DIRECTON = RL] -------------------
FEATURE EXTRACTION from < Ancora_es.REV > onto < Ancora_es.M4.RL.SAMPLES > .............10000..........20000..........30000..........40000..........50000..........60000..........70000..........80000..........90000..........100000..........110000..........120000..........130000............517130 WORDS [DONE]
MAKING MAPPING from <Ancora_es.M4.RL.SAMPLES>... [DONE]
FILTERING MAPING (minfreq = 2 :: maxmapsize = 100000)
WRITING MAPPING <Ancora_es.M4.RL.SAMPLES.MAP>... [FREQ = 3] :: [SIZE = 95068] [DONE]
MAPPING DATA FEATURES from <Ancora_es.M4.RL.SAMPLES> to <Ancora_es.M4.RL.SAMPLES.DSF>.....139454 [DONE]
LEARNING SVM MODELS... [C = 0.2795] ..AO..AQ..CC..CS..DA..DD..DE..DI..DN..DP..DT..Fe..Fia..Fit..Fp..Fpt..Fz..I..NC..NP..P0..PD..PE..PI..PN..PP..PR..PT..PX..RG..RN..RP..SP..VAI..VAM..VAN..VAS..VMI..VMM..VMN..VMP..VMS..VSI..VSM..VSN..VSS..W..Z..Zm..Zp [DONE]
BENCHMARK TIME: 541.0000
---------------- UNKNOWN WORDS... [MODE = 4 :: DIRECTON = RL] -------------------
FEATURE EXTRACTION from < Ancora_es.REV > onto < Ancora_es.UNK.M4.RL.SAMPLES > .............................10000..........20000..........30000....517130 WORDS [DONE]
MAKING MAPPING from <Ancora_es.UNK.M4.RL.SAMPLES>... [DONE]
FILTERING MAPING (minfreq = 2 :: maxmapsize = 100000)
WRITING MAPPING <Ancora_es.UNK.M4.RL.SAMPLES.MAP>... [FREQ = 2] :: [SIZE = 47391] [DONE]
MAPPING DATA FEATURES from <Ancora_es.UNK.M4.RL.SAMPLES> to <Ancora_es.UNK.M4.RL.SAMPLES.DSF>.....31709 [DONE]
LEARNING SVM MODELS... [C = 0.109] ..AO..AQ..CC..CS..DA..DD..DI..DN..DP..DT..Fz..I..NC..NP..P0..PD..PI..PN..PP..PT..PX..RG..RN..SP..VAI..VAN..VAS..VMG..VMI..VMM..VMN..VMP..VMS..VSI..VSN..VSS..W..Z..Zm..Zp [DONE]
BENCHMARK TIME: 161.0000
READING MAPPING FOR KNOWN WORDS...<Ancora_es.M4.RL.SAMPLES.MAP>
READING SVM-MODELS FOR KNOWN WORDS...
AO..AQ..CC..CS..DA..DD..DE..DI..DN..DP..DT..Fe..Fia..Fit..Fp..Fpt..Fz..I..NC..NP..P0..PD..PE..PI..PN..PP..PR..PT..PX..RG..RN..RP..SP..VAI..VAM..VAN..VAS..VMI..VMM..VMN..VMP..VMS..VSI..VSM..VSN..VSS..W..Z..Zm..Zp..[DONE]
MERGING MAPPING and MODELS FOR KNOWN WORDS...
WRITING MERGED MODELS FOR KNOWN WORDS...<Ancora_es.M4.RL.MRG>
READING MAPPING FOR UNKNOWN WORDS...<Ancora_es.UNK.M4.RL.SAMPLES.MAP>
READING SVM-MODELS FOR UNKNOWN WORDS...
AO..AQ..CC..CS..DA..DD..DI..DN..DP..DT..Fz..I..NC..NP..P0..PD..PI..PN..PP..PT..PX..RG..RN..SP..VAI..VAN..VAS..VMG..VMI..VMM..VMN..VMP..VMS..VSI..VSN..VSS..W..Z..Zm..Zp..[DONE]
MERGING MAPPING and MODELS FOR UNKNOWN WORDS...
WRITING MERGED MODELS FOR UNKNOWN WORDS...<Ancora_es.UNK.M4.RL.MRG>
BENCHMARK TIME: 4475.0000

TERMINATION... [DONE]
