nohup: ignoring input
----------------------------------------------------------------------------------------
SVMTool v1.3
(C) 2006 TALP RESEARCH CENTER.
Written by Jesus Gimenez and Lluis Marquez.
----------------------------------------------------------------------------------------
TRAINING SET = /home/jgimenez/resources/corpora/Ancora/words_es.WP.lc
----------------------------------------------------------------------------------------
----------------------------------------------------------------------------------------

CREATING DICTIONARY <Ancora_es_lc.DICT> FROM </home/jgimenez/resources/corpora/Ancora/words_es.WP.lc>
AUTOMATICALLY REPAIRING DICTIONARY <Ancora_es_lc.DICT> [0.001] (#REPAIRINGS = 26)
..........10000..........20000..........30000..........40000..........50000..........60000..........70000..........80000..........90000..........100000..........110000..........120000..........130000..........140000..........150000..........160000........DICTIONARY <Ancora_es_lc.DICT> [44294 words]

*********************************************************************************************
BUILDING MODELS... [MODE = 1 :: DIRECTON = LR]
*********************************************************************************************


=============================================================================================
=============================================================================================
---------------------------------------------------------------------------------------------
---------------------------------------------------------------------------------------------
BUILDING MODELS ON WHOLE CORPUS </home/jgimenez/resources/corpora/Ancora/words_es.WP.lc>
C PARAMETER [MODE = 1 :: DIRECTON = LR]:   KNOWN [ C = 0.1445 ] :: UNKNOWN [ C = 0.1045 ]
---------------------------------------------------------------------------------------------
---------------------------------------------------------------------------------------------
---------------- KNOWN WORDS... [MODE = 1 :: DIRECTON = LR] -------------------
FEATURE EXTRACTION from < /home/jgimenez/resources/corpora/Ancora/words_es.WP.lc > onto < Ancora_es_lc.M1.LR.SAMPLES > .............10000..........20000..........30000..........40000..........50000..........60000..........70000..........80000..........90000..........100000..........110000..........120000..........130000..........140000..........150000..........160000..........170000..........180000..........190000..........200000..........210000..........220000..........230000..........240000..........250000..........260000..........270000..........280000..........290000..........300000..........310000..........320000..........330000..........340000..........350000..........360000..........370000..........380000..........390000..........400000..........410000..........420000..........430000..........440000..........450000..........460000..........470000..........480000..........490000..........500000..........510000..........517130 WORDS [DONE]
MAKING MAPPING from <Ancora_es_lc.M1.LR.SAMPLES>... [DONE]
FILTERING MAPING (minfreq = 2 :: maxmapsize = 100000)
WRITING MAPPING <Ancora_es_lc.M1.LR.SAMPLES.MAP>... [FREQ = 4] :: [SIZE = 86719] [DONE]
MAPPING DATA FEATURES from <Ancora_es_lc.M1.LR.SAMPLES> to <Ancora_es_lc.M1.LR.SAMPLES.DSF>.....168277 [DONE]
LEARNING SVM MODELS... [C = 0.1445] ..AO..AQ..CC..CS..DA..DD..DE..DI..DN..DP..DT..Fe..Fia..Fit..Fp..Fpt..Fz..I..NC..NP..P0..PD..PE..PI..PN..PP..PR..PT..PX..RG..RN..RP..SP..VAI..VAM..VAN..VAS..VMG..VMI..VMM..VMN..VMP..VMS..VSG..VSI..VSM..VSN..VSS..W..Z..Zm..Zp [DONE]
BENCHMARK TIME: 2168.0000
---------------- UNKNOWN WORDS... [MODE = 1 :: DIRECTON = LR] -------------------
FEATURE EXTRACTION from < /home/jgimenez/resources/corpora/Ancora/words_es.WP.lc > onto < Ancora_es_lc.UNK.M1.LR.SAMPLES > .........................................10000..........20000............517130 WORDS [DONE]
MAKING MAPPING from <Ancora_es_lc.UNK.M1.LR.SAMPLES>... [DONE]
FILTERING MAPING (minfreq = 2 :: maxmapsize = 100000)
WRITING MAPPING <Ancora_es_lc.UNK.M1.LR.SAMPLES.MAP>... [FREQ = 2] :: [SIZE = 42513] [DONE]
MAPPING DATA FEATURES from <Ancora_es_lc.UNK.M1.LR.SAMPLES> to <Ancora_es_lc.UNK.M1.LR.SAMPLES.DSF>.....29359 [DONE]
LEARNING SVM MODELS... [C = 0.1045] ..AO..AQ..CC..CS..DI..DN..DP..DT..Fz..I..NC..NP..P0..PD..PI..PN..PT..PX..RG..RN..SP..VAI..VAN..VAS..VMG..VMI..VMM..VMN..VMP..VMS..VSI..VSN..VSS..W..Z..Zm..Zp [DONE]
BENCHMARK TIME: 615.0000
READING MAPPING FOR KNOWN WORDS...<Ancora_es_lc.M1.LR.SAMPLES.MAP>
READING SVM-MODELS FOR KNOWN WORDS...
AO..AQ..CC..CS..DA..DD..DE..DI..DN..DP..DT..Fe..Fia..Fit..Fp..Fpt..Fz..I..NC..NP..P0..PD..PE..PI..PN..PP..PR..PT..PX..RG..RN..RP..SP..VAI..VAM..VAN..VAS..VMG..VMI..VMM..VMN..VMP..VMS..VSG..VSI..VSM..VSN..VSS..W..Z..Zm..Zp..[DONE]
MERGING MAPPING and MODELS FOR KNOWN WORDS...
WRITING MERGED MODELS FOR KNOWN WORDS...<Ancora_es_lc.M1.LR.MRG>
READING MAPPING FOR UNKNOWN WORDS...<Ancora_es_lc.UNK.M1.LR.SAMPLES.MAP>
READING SVM-MODELS FOR UNKNOWN WORDS...
AO..AQ..CC..CS..DI..DN..DP..DT..Fz..I..NC..NP..P0..PD..PI..PN..PT..PX..RG..RN..SP..VAI..VAN..VAS..VMG..VMI..VMM..VMN..VMP..VMS..VSI..VSN..VSS..W..Z..Zm..Zp..[DONE]
MERGING MAPPING and MODELS FOR UNKNOWN WORDS...
WRITING MERGED MODELS FOR UNKNOWN WORDS...<Ancora_es_lc.UNK.M1.LR.MRG>
..........10000..........20000..........30000..........40000..........50000..........60000..........70000..........80000..........90000..........100000..........110000..........120000..........130000..........140000..........150000..........160000........
*********************************************************************************************
BUILDING MODELS... [MODE = 1 :: DIRECTON = RL]
*********************************************************************************************


=============================================================================================
=============================================================================================
---------------------------------------------------------------------------------------------
---------------------------------------------------------------------------------------------
BUILDING MODELS ON WHOLE CORPUS <Ancora_es_lc.REV>
C PARAMETER [MODE = 1 :: DIRECTON = RL]:   KNOWN [ C = 0.1445 ] :: UNKNOWN [ C = 0.077 ]
---------------------------------------------------------------------------------------------
---------------------------------------------------------------------------------------------
---------------- KNOWN WORDS... [MODE = 1 :: DIRECTON = RL] -------------------
FEATURE EXTRACTION from < Ancora_es_lc.REV > onto < Ancora_es_lc.M1.RL.SAMPLES > .............10000..........20000..........30000..........40000..........50000..........60000..........70000..........80000..........90000..........100000..........110000..........120000..........130000..........140000..........150000..........160000..........170000..........180000..........190000..........200000..........210000..........220000..........230000..........240000..........250000..........260000..........270000..........280000..........290000..........300000..........310000..........320000..........330000..........340000..........350000..........360000..........370000..........380000..........390000..........400000..........410000..........420000..........430000..........440000..........450000..........460000..........470000..........480000..........490000..........500000..........510000..........517130 WORDS [DONE]
MAKING MAPPING from <Ancora_es_lc.M1.RL.SAMPLES>... [DONE]
FILTERING MAPING (minfreq = 2 :: maxmapsize = 100000)
WRITING MAPPING <Ancora_es_lc.M1.RL.SAMPLES.MAP>... [FREQ = 4] :: [SIZE = 86302] [DONE]
MAPPING DATA FEATURES from <Ancora_es_lc.M1.RL.SAMPLES> to <Ancora_es_lc.M1.RL.SAMPLES.DSF>.....168277 [DONE]
LEARNING SVM MODELS... [C = 0.1445] ..AO..AQ..CC..CS..DA..DD..DE..DI..DN..DP..DT..Fe..Fia..Fit..Fp..Fpt..Fz..I..NC..NP..P0..PD..PE..PI..PN..PP..PR..PT..PX..RG..RN..RP..SP..VAI..VAM..VAN..VAS..VMG..VMI..VMM..VMN..VMP..VMS..VSG..VSI..VSM..VSN..VSS..W..Z..Zm..Zp [DONE]
BENCHMARK TIME: 2189.0000
---------------- UNKNOWN WORDS... [MODE = 1 :: DIRECTON = RL] -------------------
FEATURE EXTRACTION from < Ancora_es_lc.REV > onto < Ancora_es_lc.UNK.M1.RL.SAMPLES > ..............................10000..........20000............517130 WORDS [DONE]
MAKING MAPPING from <Ancora_es_lc.UNK.M1.RL.SAMPLES>... [DONE]
FILTERING MAPING (minfreq = 2 :: maxmapsize = 100000)
WRITING MAPPING <Ancora_es_lc.UNK.M1.RL.SAMPLES.MAP>... [FREQ = 2] :: [SIZE = 42948] [DONE]
MAPPING DATA FEATURES from <Ancora_es_lc.UNK.M1.RL.SAMPLES> to <Ancora_es_lc.UNK.M1.RL.SAMPLES.DSF>.....29620 [DONE]
LEARNING SVM MODELS... [C = 0.077] ..AO..AQ..CC..CS..DI..DN..DP..DT..Fz..I..NC..NP..P0..PD..PI..PN..PT..PX..RG..RN..SP..VAI..VAN..VAS..VMG..VMI..VMM..VMN..VMP..VMS..VSI..VSN..VSS..W..Z..Zm..Zp [DONE]
BENCHMARK TIME: 544.0000
READING MAPPING FOR KNOWN WORDS...<Ancora_es_lc.M1.RL.SAMPLES.MAP>
READING SVM-MODELS FOR KNOWN WORDS...
AO..AQ..CC..CS..DA..DD..DE..DI..DN..DP..DT..Fe..Fia..Fit..Fp..Fpt..Fz..I..NC..NP..P0..PD..PE..PI..PN..PP..PR..PT..PX..RG..RN..RP..SP..VAI..VAM..VAN..VAS..VMG..VMI..VMM..VMN..VMP..VMS..VSG..VSI..VSM..VSN..VSS..W..Z..Zm..Zp..[DONE]
MERGING MAPPING and MODELS FOR KNOWN WORDS...
WRITING MERGED MODELS FOR KNOWN WORDS...<Ancora_es_lc.M1.RL.MRG>
READING MAPPING FOR UNKNOWN WORDS...<Ancora_es_lc.UNK.M1.RL.SAMPLES.MAP>
READING SVM-MODELS FOR UNKNOWN WORDS...
AO..AQ..CC..CS..DI..DN..DP..DT..Fz..I..NC..NP..P0..PD..PI..PN..PT..PX..RG..RN..SP..VAI..VAN..VAS..VMG..VMI..VMM..VMN..VMP..VMS..VSI..VSN..VSS..W..Z..Zm..Zp..[DONE]
MERGING MAPPING and MODELS FOR UNKNOWN WORDS...
WRITING MERGED MODELS FOR UNKNOWN WORDS...<Ancora_es_lc.UNK.M1.RL.MRG>
..........10000..........20000..........30000..........40000..........50000..........60000..........70000..........80000..........90000..........100000..........110000..........120000..........130000..........140000..........150000..........160000........
*********************************************************************************************
BUILDING MODELS... [MODE = 2 :: DIRECTON = LR]
*********************************************************************************************


=============================================================================================
=============================================================================================
---------------------------------------------------------------------------------------------
---------------------------------------------------------------------------------------------
BUILDING MODELS ON WHOLE CORPUS </home/jgimenez/resources/corpora/Ancora/words_es.WP.lc>
C PARAMETER [MODE = 2 :: DIRECTON = LR]:   KNOWN [ C = 1 ] :: UNKNOWN [ C = 1.625 ]
---------------------------------------------------------------------------------------------
---------------------------------------------------------------------------------------------
---------------- KNOWN WORDS... [MODE = 2 :: DIRECTON = LR] -------------------
FEATURE EXTRACTION from < /home/jgimenez/resources/corpora/Ancora/words_es.WP.lc > onto < Ancora_es_lc.M2.LR.SAMPLES > .............10000..........20000..........30000..........40000..........50000..........60000..........70000..........80000..........90000..........100000..........110000..........120000..........130000..........140000..........150000..........160000..........170000..........180000..........190000..........200000..........210000..........220000..........230000..........240000..........250000..........260000..........270000..........280000..........290000..........300000..........310000..........320000..........330000..........340000..........350000..........360000..........370000..........380000..........390000..........400000..........410000..........420000..........430000..........440000..........450000..........460000..........470000..........480000..........490000..........500000..........510000..........517130 WORDS [DONE]
MAKING MAPPING from <Ancora_es_lc.M2.LR.SAMPLES>... [DONE]
FILTERING MAPING (minfreq = 2 :: maxmapsize = 100000)
WRITING MAPPING <Ancora_es_lc.M2.LR.SAMPLES.MAP>... [FREQ = 3] :: [SIZE = 95785] [DONE]
MAPPING DATA FEATURES from <Ancora_es_lc.M2.LR.SAMPLES> to <Ancora_es_lc.M2.LR.SAMPLES.DSF>.....168277 [DONE]
LEARNING SVM MODELS... [C = 1] ..AO..AQ..CC..CS..DA..DD..DE..DI..DN..DP..DT..Fe..Fia..Fit..Fp..Fpt..Fz..I..NC..NP..P0..PD..PE..PI..PN..PP..PR..PT..PX..RG..RN..RP..SP..VAI..VAM..VAN..VAS..VMG..VMI..VMM..VMN..VMP..VMS..VSG..VSI..VSM..VSN..VSS..W..Z..Zm..Zp [DONE]
BENCHMARK TIME: 2844.0000
---------------- UNKNOWN WORDS... [MODE = 2 :: DIRECTON = LR] -------------------
FEATURE EXTRACTION from < /home/jgimenez/resources/corpora/Ancora/words_es.WP.lc > onto < Ancora_es_lc.UNK.M2.LR.SAMPLES > .........................................10000..........20000............517130 WORDS [DONE]
MAKING MAPPING from <Ancora_es_lc.UNK.M2.LR.SAMPLES>... [DONE]
FILTERING MAPING (minfreq = 2 :: maxmapsize = 100000)
WRITING MAPPING <Ancora_es_lc.UNK.M2.LR.SAMPLES.MAP>... [FREQ = 2] :: [SIZE = 34915] [DONE]
MAPPING DATA FEATURES from <Ancora_es_lc.UNK.M2.LR.SAMPLES> to <Ancora_es_lc.UNK.M2.LR.SAMPLES.DSF>.....29359 [DONE]
LEARNING SVM MODELS... [C = 1.625] ..AO..AQ..CC..CS..DI..DN..DP..DT..Fz..I..NC..NP..P0..PD..PI..PN..PT..PX..RG..RN..SP..VAI..VAN..VAS..VMG..VMI..VMM..VMN..VMP..VMS..VSI..VSN..VSS..W..Z..Zm..Zp [DONE]
BENCHMARK TIME: 894.0000
READING MAPPING FOR KNOWN WORDS...<Ancora_es_lc.M2.LR.SAMPLES.MAP>
READING SVM-MODELS FOR KNOWN WORDS...
AO..AQ..CC..CS..DA..DD..DE..DI..DN..DP..DT..Fe..Fia..Fit..Fp..Fpt..Fz..I..NC..NP..P0..PD..PE..PI..PN..PP..PR..PT..PX..RG..RN..RP..SP..VAI..VAM..VAN..VAS..VMG..VMI..VMM..VMN..VMP..VMS..VSG..VSI..VSM..VSN..VSS..W..Z..Zm..Zp..[DONE]
MERGING MAPPING and MODELS FOR KNOWN WORDS...
WRITING MERGED MODELS FOR KNOWN WORDS...<Ancora_es_lc.M2.LR.MRG>
READING MAPPING FOR UNKNOWN WORDS...<Ancora_es_lc.UNK.M2.LR.SAMPLES.MAP>
READING SVM-MODELS FOR UNKNOWN WORDS...
AO..AQ..CC..CS..DI..DN..DP..DT..Fz..I..NC..NP..P0..PD..PI..PN..PT..PX..RG..RN..SP..VAI..VAN..VAS..VMG..VMI..VMM..VMN..VMP..VMS..VSI..VSN..VSS..W..Z..Zm..Zp..[DONE]
MERGING MAPPING and MODELS FOR UNKNOWN WORDS...
WRITING MERGED MODELS FOR UNKNOWN WORDS...<Ancora_es_lc.UNK.M2.LR.MRG>
..........10000..........20000..........30000..........40000..........50000..........60000..........70000..........80000..........90000..........100000..........110000..........120000..........130000..........140000..........150000..........160000........
*********************************************************************************************
BUILDING MODELS... [MODE = 2 :: DIRECTON = RL]
*********************************************************************************************


=============================================================================================
=============================================================================================
---------------------------------------------------------------------------------------------
---------------------------------------------------------------------------------------------
BUILDING MODELS ON WHOLE CORPUS <Ancora_es_lc.REV>
C PARAMETER [MODE = 2 :: DIRECTON = RL]:   KNOWN [ C = 0.41 ] :: UNKNOWN [ C = 0.059 ]
---------------------------------------------------------------------------------------------
---------------------------------------------------------------------------------------------
---------------- KNOWN WORDS... [MODE = 2 :: DIRECTON = RL] -------------------
FEATURE EXTRACTION from < Ancora_es_lc.REV > onto < Ancora_es_lc.M2.RL.SAMPLES > .............10000..........20000..........30000..........40000..........50000..........60000..........70000..........80000..........90000..........100000..........110000..........120000..........130000..........140000..........150000..........160000..........170000..........180000..........190000..........200000..........210000..........220000..........230000..........240000..........250000..........260000..........270000..........280000..........290000..........300000..........310000..........320000..........330000..........340000..........350000..........360000..........370000..........380000..........390000..........400000..........410000..........420000..........430000..........440000..........450000..........460000..........470000..........480000..........490000..........500000..........510000..........517130 WORDS [DONE]
MAKING MAPPING from <Ancora_es_lc.M2.RL.SAMPLES>... [DONE]
FILTERING MAPING (minfreq = 2 :: maxmapsize = 100000)
WRITING MAPPING <Ancora_es_lc.M2.RL.SAMPLES.MAP>... [FREQ = 3] :: [SIZE = 95765] [DONE]
MAPPING DATA FEATURES from <Ancora_es_lc.M2.RL.SAMPLES> to <Ancora_es_lc.M2.RL.SAMPLES.DSF>.....168277 [DONE]
LEARNING SVM MODELS... [C = 0.41] ..AO..AQ..CC..CS..DA..DD..DE..DI..DN..DP..DT..Fe..Fia..Fit..Fp..Fpt..Fz..I..NC..NP..P0..PD..PE..PI..PN..PP..PR..PT..PX..RG..RN..RP..SP..VAI..VAM..VAN..VAS..VMG..VMI..VMM..VMN..VMP..VMS..VSG..VSI..VSM..VSN..VSS..W..Z..Zm..Zp [DONE]
BENCHMARK TIME: 1335.0000
---------------- UNKNOWN WORDS... [MODE = 2 :: DIRECTON = RL] -------------------
FEATURE EXTRACTION from < Ancora_es_lc.REV > onto < Ancora_es_lc.UNK.M2.RL.SAMPLES > ..............................10000..........20000............517130 WORDS [DONE]
MAKING MAPPING from <Ancora_es_lc.UNK.M2.RL.SAMPLES>... [DONE]
FILTERING MAPING (minfreq = 2 :: maxmapsize = 100000)
WRITING MAPPING <Ancora_es_lc.UNK.M2.RL.SAMPLES.MAP>... [FREQ = 2] :: [SIZE = 35253] [DONE]
MAPPING DATA FEATURES from <Ancora_es_lc.UNK.M2.RL.SAMPLES> to <Ancora_es_lc.UNK.M2.RL.SAMPLES.DSF>.....29620 [DONE]
LEARNING SVM MODELS... [C = 0.059] ..AO..AQ..CC..CS..DI..DN..DP..DT..Fz..I..NC..NP..P0..PD..PI..PN..PT..PX..RG..RN..SP..VAI..VAN..VAS..VMG..VMI..VMM..VMN..VMP..VMS..VSI..VSN..VSS..W..Z..Zm..Zp [DONE]
BENCHMARK TIME: 98.0000
READING MAPPING FOR KNOWN WORDS...<Ancora_es_lc.M2.RL.SAMPLES.MAP>
READING SVM-MODELS FOR KNOWN WORDS...
AO..AQ..CC..CS..DA..DD..DE..DI..DN..DP..DT..Fe..Fia..Fit..Fp..Fpt..Fz..I..NC..NP..P0..PD..PE..PI..PN..PP..PR..PT..PX..RG..RN..RP..SP..VAI..VAM..VAN..VAS..VMG..VMI..VMM..VMN..VMP..VMS..VSG..VSI..VSM..VSN..VSS..W..Z..Zm..Zp..[DONE]
MERGING MAPPING and MODELS FOR KNOWN WORDS...
WRITING MERGED MODELS FOR KNOWN WORDS...<Ancora_es_lc.M2.RL.MRG>
READING MAPPING FOR UNKNOWN WORDS...<Ancora_es_lc.UNK.M2.RL.SAMPLES.MAP>
READING SVM-MODELS FOR UNKNOWN WORDS...
AO..AQ..CC..CS..DI..DN..DP..DT..Fz..I..NC..NP..P0..PD..PI..PN..PT..PX..RG..RN..SP..VAI..VAN..VAS..VMG..VMI..VMM..VMN..VMP..VMS..VSI..VSN..VSS..W..Z..Zm..Zp..[DONE]
MERGING MAPPING and MODELS FOR UNKNOWN WORDS...
WRITING MERGED MODELS FOR UNKNOWN WORDS...<Ancora_es_lc.UNK.M2.RL.MRG>
BENCHMARK TIME: 14363.0000

TERMINATION... [DONE]
