nohup: ignoring input
----------------------------------------------------------------------------------------
SVMTool v1.3
(C) 2006 TALP RESEARCH CENTER.
Written by Jesus Gimenez and Lluis Marquez.
----------------------------------------------------------------------------------------
TRAINING SET = /home/jgimenez/resources/corpora/Ancora/words_ca.WP.lc
----------------------------------------------------------------------------------------
----------------------------------------------------------------------------------------

CREATING DICTIONARY <Ancora_ca_lc.DICT> FROM </home/jgimenez/resources/corpora/Ancora/words_ca.WP.lc>
AUTOMATICALLY REPAIRING DICTIONARY <Ancora_ca_lc.DICT> [0.001] (#REPAIRINGS = 23)
..........10000..........20000..........30000..........40000..........50000..........60000..........70000..........80000..........90000..........100000..........110000..........120000..........130000..........140000..........150000..........160000..........170000..........180000..........190000..........200000..DICTIONARY <Ancora_ca_lc.DICT> [37650 words]

*********************************************************************************************
BUILDING MODELS... [MODE = 0 :: DIRECTON = LR]
*********************************************************************************************


=============================================================================================
=============================================================================================
---------------------------------------------------------------------------------------------
---------------------------------------------------------------------------------------------
BUILDING MODELS ON WHOLE CORPUS </home/jgimenez/resources/corpora/Ancora/words_ca.WP.lc>
C PARAMETER [MODE = 0 :: DIRECTON = LR]:   KNOWN [ C = 0.1895 ] :: UNKNOWN [ C = 0.122 ]
---------------------------------------------------------------------------------------------
---------------------------------------------------------------------------------------------
---------------- KNOWN WORDS... [MODE = 0 :: DIRECTON = LR] -------------------
FEATURE EXTRACTION from < /home/jgimenez/resources/corpora/Ancora/words_ca.WP.lc > onto < Ancora_ca_lc.M0.LR.SAMPLES > .............10000..........20000..........30000..........40000..........50000..........60000..........70000..........80000..........90000..........100000..........110000..........120000..........130000..........140000..........150000..........160000..........170000..........180000..........190000..........200000..........210000..........220000..........230000..........240000..........250000..........260000..........270000..........280000..........290000..........300000..........310000..........320000..........330000..........340000..........350000..........360000..........370000..........380000..........390000..........400000..........410000..........420000..........430000..........440000..........450000..........460000..........470000..........480000...........488239 WORDS [DONE]
MAKING MAPPING from <Ancora_ca_lc.M0.LR.SAMPLES>... [DONE]
FILTERING MAPING (minfreq = 2 :: maxmapsize = 100000)
WRITING MAPPING <Ancora_ca_lc.M0.LR.SAMPLES.MAP>... [FREQ = 4] :: [SIZE = 95854] [DONE]
MAPPING DATA FEATURES from <Ancora_ca_lc.M0.LR.SAMPLES> to <Ancora_ca_lc.M0.LR.SAMPLES.DSF>.....202094 [DONE]
LEARNING SVM MODELS... [C = 0.1895] ..AO..AQ..CC..CS..DA..DD..DI..DN..DP..DR..DT..Fca..Fct..Fe..Fg..Fp..Fpa..Fpt..Fs..Fz..I..NC..NP..P0..PD..PI..PN..PP..PR..PT..PX..RG..RN..SP..VAG..VAI..VAN..VAP..VAS..VMG..VMI..VMM..VMN..VMP..VMS..VSG..VSI..VSM..VSN..VSP..VSS..W..Z..Zm..Zp [DONE]
BENCHMARK TIME: 951.0000
---------------- UNKNOWN WORDS... [MODE = 0 :: DIRECTON = LR] -------------------
FEATURE EXTRACTION from < /home/jgimenez/resources/corpora/Ancora/words_ca.WP.lc > onto < Ancora_ca_lc.UNK.M0.LR.SAMPLES > ............................10000..........20000........488239 WORDS [DONE]
MAKING MAPPING from <Ancora_ca_lc.UNK.M0.LR.SAMPLES>... [DONE]
FILTERING MAPING (minfreq = 2 :: maxmapsize = 100000)
WRITING MAPPING <Ancora_ca_lc.UNK.M0.LR.SAMPLES.MAP>... [FREQ = 2] :: [SIZE = 39642] [DONE]
MAPPING DATA FEATURES from <Ancora_ca_lc.UNK.M0.LR.SAMPLES> to <Ancora_ca_lc.UNK.M0.LR.SAMPLES.DSF>.....25117 [DONE]
LEARNING SVM MODELS... [C = 0.122] ..AO..AQ..CC..CS..DA..DI..DN..DP..Fg..I..NC..NP..P0..PI..PN..PP..PR..RG..SP..VAI..VAS..VM0..VMG..VMI..VMM..VMN..VMP..VMS..VSI..W..Z..Zp [DONE]
BENCHMARK TIME: 179.0000
READING MAPPING FOR KNOWN WORDS...<Ancora_ca_lc.M0.LR.SAMPLES.MAP>
READING SVM-MODELS FOR KNOWN WORDS...
AO..AQ..CC..CS..DA..DD..DI..DN..DP..DR..DT..Fca..Fct..Fe..Fg..Fp..Fpa..Fpt..Fs..Fz..I..NC..NP..P0..PD..PI..PN..PP..PR..PT..PX..RG..RN..SP..VAG..VAI..VAN..VAP..VAS..VMG..VMI..VMM..VMN..VMP..VMS..VSG..VSI..VSM..VSN..VSP..VSS..W..Z..Zm..Zp..[DONE]
MERGING MAPPING and MODELS FOR KNOWN WORDS...
WRITING MERGED MODELS FOR KNOWN WORDS...<Ancora_ca_lc.M0.LR.MRG>
READING MAPPING FOR UNKNOWN WORDS...<Ancora_ca_lc.UNK.M0.LR.SAMPLES.MAP>
READING SVM-MODELS FOR UNKNOWN WORDS...
AO..AQ..CC..CS..DA..DI..DN..DP..Fg..I..NC..NP..P0..PI..PN..PP..PR..RG..SP..VAI..VAS..VM0..VMG..VMI..VMM..VMN..VMP..VMS..VSI..W..Z..Zp..[DONE]
MERGING MAPPING and MODELS FOR UNKNOWN WORDS...
WRITING MERGED MODELS FOR UNKNOWN WORDS...<Ancora_ca_lc.UNK.M0.LR.MRG>
..........10000..........20000..........30000..........40000..........50000..........60000..........70000..........80000..........90000..........100000..........110000..........120000..........130000..........140000..........150000..........160000..........170000..........180000..........190000..........200000..
*********************************************************************************************
BUILDING MODELS... [MODE = 0 :: DIRECTON = RL]
*********************************************************************************************


=============================================================================================
=============================================================================================
---------------------------------------------------------------------------------------------
---------------------------------------------------------------------------------------------
BUILDING MODELS ON WHOLE CORPUS <Ancora_ca_lc.REV>
C PARAMETER [MODE = 0 :: DIRECTON = RL]:   KNOWN [ C = 0.203 ] :: UNKNOWN [ C = 0.1135 ]
---------------------------------------------------------------------------------------------
---------------------------------------------------------------------------------------------
---------------- KNOWN WORDS... [MODE = 0 :: DIRECTON = RL] -------------------
FEATURE EXTRACTION from < Ancora_ca_lc.REV > onto < Ancora_ca_lc.M0.RL.SAMPLES > .............10000..........20000..........30000..........40000..........50000..........60000..........70000..........80000..........90000..........100000..........110000..........120000..........130000..........140000..........150000..........160000..........170000..........180000..........190000..........200000..........210000..........220000..........230000..........240000..........250000..........260000..........270000..........280000..........290000..........300000..........310000..........320000..........330000..........340000..........350000..........360000..........370000..........380000..........390000..........400000..........410000..........420000..........430000..........440000..........450000..........460000..........470000..........480000...........488239 WORDS [DONE]
MAKING MAPPING from <Ancora_ca_lc.M0.RL.SAMPLES>... [DONE]
FILTERING MAPING (minfreq = 2 :: maxmapsize = 100000)
WRITING MAPPING <Ancora_ca_lc.M0.RL.SAMPLES.MAP>... [FREQ = 4] :: [SIZE = 95243] [DONE]
MAPPING DATA FEATURES from <Ancora_ca_lc.M0.RL.SAMPLES> to <Ancora_ca_lc.M0.RL.SAMPLES.DSF>.....202094 [DONE]
LEARNING SVM MODELS... [C = 0.203] ..AO..AQ..CC..CS..DA..DD..DI..DN..DP..DR..DT..Fca..Fct..Fe..Fg..Fp..Fpa..Fpt..Fs..Fz..I..NC..NP..P0..PD..PI..PN..PP..PR..PT..PX..RG..RN..SP..VAG..VAI..VAN..VAP..VAS..VMG..VMI..VMM..VMN..VMP..VMS..VSG..VSI..VSM..VSN..VSP..VSS..W..Z..Zm..Zp [DONE]
BENCHMARK TIME: 1041.0000
---------------- UNKNOWN WORDS... [MODE = 0 :: DIRECTON = RL] -------------------
FEATURE EXTRACTION from < Ancora_ca_lc.REV > onto < Ancora_ca_lc.UNK.M0.RL.SAMPLES > ...................................10000..........20000.......488239 WORDS [DONE]
MAKING MAPPING from <Ancora_ca_lc.UNK.M0.RL.SAMPLES>... [DONE]
FILTERING MAPING (minfreq = 2 :: maxmapsize = 100000)
WRITING MAPPING <Ancora_ca_lc.UNK.M0.RL.SAMPLES.MAP>... [FREQ = 2] :: [SIZE = 38903] [DONE]
MAPPING DATA FEATURES from <Ancora_ca_lc.UNK.M0.RL.SAMPLES> to <Ancora_ca_lc.UNK.M0.RL.SAMPLES.DSF>.....24653 [DONE]
LEARNING SVM MODELS... [C = 0.1135] ..AO..AQ..CC..CS..DA..DI..DN..DP..Fg..I..NC..NP..P0..PI..PN..PP..PR..RG..SP..VAI..VAS..VM0..VMG..VMI..VMM..VMN..VMP..VMS..VSI..W..Z..Zp [DONE]
BENCHMARK TIME: 164.0000
READING MAPPING FOR KNOWN WORDS...<Ancora_ca_lc.M0.RL.SAMPLES.MAP>
READING SVM-MODELS FOR KNOWN WORDS...
AO..AQ..CC..CS..DA..DD..DI..DN..DP..DR..DT..Fca..Fct..Fe..Fg..Fp..Fpa..Fpt..Fs..Fz..I..NC..NP..P0..PD..PI..PN..PP..PR..PT..PX..RG..RN..SP..VAG..VAI..VAN..VAP..VAS..VMG..VMI..VMM..VMN..VMP..VMS..VSG..VSI..VSM..VSN..VSP..VSS..W..Z..Zm..Zp..[DONE]
MERGING MAPPING and MODELS FOR KNOWN WORDS...
WRITING MERGED MODELS FOR KNOWN WORDS...<Ancora_ca_lc.M0.RL.MRG>
READING MAPPING FOR UNKNOWN WORDS...<Ancora_ca_lc.UNK.M0.RL.SAMPLES.MAP>
READING SVM-MODELS FOR UNKNOWN WORDS...
AO..AQ..CC..CS..DA..DI..DN..DP..Fg..I..NC..NP..P0..PI..PN..PP..PR..RG..SP..VAI..VAS..VM0..VMG..VMI..VMM..VMN..VMP..VMS..VSI..W..Z..Zp..[DONE]
MERGING MAPPING and MODELS FOR UNKNOWN WORDS...
WRITING MERGED MODELS FOR UNKNOWN WORDS...<Ancora_ca_lc.UNK.M0.RL.MRG>

*********************************************************************************************
BUILDING MODELS... [MODE = 4 :: DIRECTON = LR]
*********************************************************************************************


=============================================================================================
=============================================================================================
---------------------------------------------------------------------------------------------
---------------------------------------------------------------------------------------------
BUILDING MODELS ON WHOLE CORPUS </home/jgimenez/resources/corpora/Ancora/words_ca.WP.lc>
C PARAMETER [MODE = 4 :: DIRECTON = LR]:   KNOWN [ C = 0.1895 ] :: UNKNOWN [ C = 0.1265 ]
---------------------------------------------------------------------------------------------
---------------------------------------------------------------------------------------------
---------------- KNOWN WORDS... [MODE = 4 :: DIRECTON = LR] -------------------
FEATURE EXTRACTION from < /home/jgimenez/resources/corpora/Ancora/words_ca.WP.lc > onto < Ancora_ca_lc.M4.LR.SAMPLES > .............10000..........20000..........30000..........40000..........50000..........60000..........70000..........80000..........90000..........100000..........110000..........120000..........130000..........140000..........150000..........160000..........170000..........180000..........190000..........488239 WORDS [DONE]
MAKING MAPPING from <Ancora_ca_lc.M4.LR.SAMPLES>... [DONE]
FILTERING MAPING (minfreq = 2 :: maxmapsize = 100000)
WRITING MAPPING <Ancora_ca_lc.M4.LR.SAMPLES.MAP>... [FREQ = 4] :: [SIZE = 94514] [DONE]
MAPPING DATA FEATURES from <Ancora_ca_lc.M4.LR.SAMPLES> to <Ancora_ca_lc.M4.LR.SAMPLES.DSF>.....197819 [DONE]
LEARNING SVM MODELS... [C = 0.1895] ..AO..AQ..CC..CS..DA..DD..DI..DN..DP..DR..DT..Fca..Fct..Fe..Fg..Fp..Fpa..Fpt..Fs..Fz..I..NC..NP..P0..PD..PI..PN..PP..PR..PT..PX..RG..RN..SP..VAG..VAI..VAN..VAP..VAS..VMG..VMI..VMM..VMN..VMP..VMS..VSG..VSI..VSM..VSN..VSP..VSS..W..Z..Zm..Zp [DONE]
BENCHMARK TIME: 873.0000
---------------- UNKNOWN WORDS... [MODE = 4 :: DIRECTON = LR] -------------------
FEATURE EXTRACTION from < /home/jgimenez/resources/corpora/Ancora/words_ca.WP.lc > onto < Ancora_ca_lc.UNK.M4.LR.SAMPLES > ............................10000..........20000........488239 WORDS [DONE]
MAKING MAPPING from <Ancora_ca_lc.UNK.M4.LR.SAMPLES>... [DONE]
FILTERING MAPING (minfreq = 2 :: maxmapsize = 100000)
WRITING MAPPING <Ancora_ca_lc.UNK.M4.LR.SAMPLES.MAP>... [FREQ = 2] :: [SIZE = 39642] [DONE]
MAPPING DATA FEATURES from <Ancora_ca_lc.UNK.M4.LR.SAMPLES> to <Ancora_ca_lc.UNK.M4.LR.SAMPLES.DSF>.....25117 [DONE]
LEARNING SVM MODELS... [C = 0.1265] ..AO..AQ..CC..CS..DA..DI..DN..DP..Fg..I..NC..NP..P0..PI..PN..PP..PR..RG..SP..VAI..VAS..VM0..VMG..VMI..VMM..VMN..VMP..VMS..VSI..W..Z..Zp [DONE]
BENCHMARK TIME: 149.0000
READING MAPPING FOR KNOWN WORDS...<Ancora_ca_lc.M4.LR.SAMPLES.MAP>
READING SVM-MODELS FOR KNOWN WORDS...
AO..AQ..CC..CS..DA..DD..DI..DN..DP..DR..DT..Fca..Fct..Fe..Fg..Fp..Fpa..Fpt..Fs..Fz..I..NC..NP..P0..PD..PI..PN..PP..PR..PT..PX..RG..RN..SP..VAG..VAI..VAN..VAP..VAS..VMG..VMI..VMM..VMN..VMP..VMS..VSG..VSI..VSM..VSN..VSP..VSS..W..Z..Zm..Zp..[DONE]
MERGING MAPPING and MODELS FOR KNOWN WORDS...
WRITING MERGED MODELS FOR KNOWN WORDS...<Ancora_ca_lc.M4.LR.MRG>
READING MAPPING FOR UNKNOWN WORDS...<Ancora_ca_lc.UNK.M4.LR.SAMPLES.MAP>
READING SVM-MODELS FOR UNKNOWN WORDS...
AO..AQ..CC..CS..DA..DI..DN..DP..Fg..I..NC..NP..P0..PI..PN..PP..PR..RG..SP..VAI..VAS..VM0..VMG..VMI..VMM..VMN..VMP..VMS..VSI..W..Z..Zp..[DONE]
MERGING MAPPING and MODELS FOR UNKNOWN WORDS...
WRITING MERGED MODELS FOR UNKNOWN WORDS...<Ancora_ca_lc.UNK.M4.LR.MRG>

*********************************************************************************************
BUILDING MODELS... [MODE = 4 :: DIRECTON = RL]
*********************************************************************************************


=============================================================================================
=============================================================================================
---------------------------------------------------------------------------------------------
---------------------------------------------------------------------------------------------
BUILDING MODELS ON WHOLE CORPUS <Ancora_ca_lc.REV>
C PARAMETER [MODE = 4 :: DIRECTON = RL]:   KNOWN [ C = 0.2165 ] :: UNKNOWN [ C = 0.1135 ]
---------------------------------------------------------------------------------------------
---------------------------------------------------------------------------------------------
---------------- KNOWN WORDS... [MODE = 4 :: DIRECTON = RL] -------------------
FEATURE EXTRACTION from < Ancora_ca_lc.REV > onto < Ancora_ca_lc.M4.RL.SAMPLES > .............10000..........20000..........30000..........40000..........50000..........60000..........70000..........80000..........90000..........100000..........110000..........120000..........130000..........140000..........150000..........160000..........170000..........180000..........190000...........488239 WORDS [DONE]
MAKING MAPPING from <Ancora_ca_lc.M4.RL.SAMPLES>... [DONE]
FILTERING MAPING (minfreq = 2 :: maxmapsize = 100000)
WRITING MAPPING <Ancora_ca_lc.M4.RL.SAMPLES.MAP>... [FREQ = 4] :: [SIZE = 94233] [DONE]
MAPPING DATA FEATURES from <Ancora_ca_lc.M4.RL.SAMPLES> to <Ancora_ca_lc.M4.RL.SAMPLES.DSF>.....198480 [DONE]
LEARNING SVM MODELS... [C = 0.2165] ..AO..AQ..CC..CS..DA..DD..DI..DN..DP..DR..DT..Fca..Fct..Fe..Fg..Fp..Fpa..Fpt..Fs..Fz..I..NC..NP..P0..PD..PI..PN..PP..PR..PT..PX..RG..RN..SP..VAG..VAI..VAN..VAP..VAS..VMG..VMI..VMM..VMN..VMP..VMS..VSG..VSI..VSM..VSN..VSP..VSS..W..Z..Zm..Zp [DONE]
BENCHMARK TIME: 942.0000
---------------- UNKNOWN WORDS... [MODE = 4 :: DIRECTON = RL] -------------------
FEATURE EXTRACTION from < Ancora_ca_lc.REV > onto < Ancora_ca_lc.UNK.M4.RL.SAMPLES > ...................................10000..........20000.......488239 WORDS [DONE]
MAKING MAPPING from <Ancora_ca_lc.UNK.M4.RL.SAMPLES>... [DONE]
FILTERING MAPING (minfreq = 2 :: maxmapsize = 100000)
WRITING MAPPING <Ancora_ca_lc.UNK.M4.RL.SAMPLES.MAP>... [FREQ = 2] :: [SIZE = 38903] [DONE]
MAPPING DATA FEATURES from <Ancora_ca_lc.UNK.M4.RL.SAMPLES> to <Ancora_ca_lc.UNK.M4.RL.SAMPLES.DSF>.....24653 [DONE]
LEARNING SVM MODELS... [C = 0.1135] ..AO..AQ..CC..CS..DA..DI..DN..DP..Fg..I..NC..NP..P0..PI..PN..PP..PR..RG..SP..VAI..VAS..VM0..VMG..VMI..VMM..VMN..VMP..VMS..VSI..W..Z..Zp [DONE]
BENCHMARK TIME: 204.0000
READING MAPPING FOR KNOWN WORDS...<Ancora_ca_lc.M4.RL.SAMPLES.MAP>
READING SVM-MODELS FOR KNOWN WORDS...
AO..AQ..CC..CS..DA..DD..DI..DN..DP..DR..DT..Fca..Fct..Fe..Fg..Fp..Fpa..Fpt..Fs..Fz..I..NC..NP..P0..PD..PI..PN..PP..PR..PT..PX..RG..RN..SP..VAG..VAI..VAN..VAP..VAS..VMG..VMI..VMM..VMN..VMP..VMS..VSG..VSI..VSM..VSN..VSP..VSS..W..Z..Zm..Zp..[DONE]
MERGING MAPPING and MODELS FOR KNOWN WORDS...
WRITING MERGED MODELS FOR KNOWN WORDS...<Ancora_ca_lc.M4.RL.MRG>
READING MAPPING FOR UNKNOWN WORDS...<Ancora_ca_lc.UNK.M4.RL.SAMPLES.MAP>
READING SVM-MODELS FOR UNKNOWN WORDS...
AO..AQ..CC..CS..DA..DI..DN..DP..Fg..I..NC..NP..P0..PI..PN..PP..PR..RG..SP..VAI..VAS..VM0..VMG..VMI..VMM..VMN..VMP..VMS..VSI..W..Z..Zp..[DONE]
MERGING MAPPING and MODELS FOR UNKNOWN WORDS...
WRITING MERGED MODELS FOR UNKNOWN WORDS...<Ancora_ca_lc.UNK.M4.RL.MRG>
BENCHMARK TIME: 6277.0000

TERMINATION... [DONE]
