nohup: ignoring input
----------------------------------------------------------------------------------------
SVMTool v1.3
(C) 2006 TALP RESEARCH CENTER.
Written by Jesus Gimenez and Lluis Marquez.
----------------------------------------------------------------------------------------
TRAINING SET = /home/jgimenez/resources/corpora/Ancora/words_es.WP.4collins
----------------------------------------------------------------------------------------
----------------------------------------------------------------------------------------

CREATING DICTIONARY <Ancora_es.DICT> FROM </home/jgimenez/resources/corpora/Ancora/words_es.WP.4collins>
AUTOMATICALLY REPAIRING DICTIONARY <Ancora_es.DICT> [0.001] (#REPAIRINGS = 26)
..........10000..........20000..........30000..........40000..........50000..........60000..........70000..........80000..........90000..........100000..........110000..........120000.........DICTIONARY <Ancora_es.DICT> [46485 words]

*********************************************************************************************
BUILDING MODELS... [MODE = 0 :: DIRECTON = LR]
*********************************************************************************************


=============================================================================================
=============================================================================================
---------------------------------------------------------------------------------------------
---------------------------------------------------------------------------------------------
BUILDING MODELS ON WHOLE CORPUS </home/jgimenez/resources/corpora/Ancora/words_es.WP.4collins>
C PARAMETER [MODE = 0 :: DIRECTON = LR]:   KNOWN [ C = 0.1535 ] :: UNKNOWN [ C = 0.1355 ]
---------------------------------------------------------------------------------------------
---------------------------------------------------------------------------------------------
---------------- KNOWN WORDS... [MODE = 0 :: DIRECTON = LR] -------------------
FEATURE EXTRACTION from < /home/jgimenez/resources/corpora/Ancora/words_es.WP.4collins > onto < Ancora_es.M0.LR.SAMPLES > .............10000..........20000..........30000..........40000..........50000..........60000..........70000..........80000..........90000..........100000..........110000..........120000..........130000..........140000..........150000..........160000..........170000..........180000..........190000..........200000..........210000..........220000..........230000..........240000..........250000..........260000..........270000..........280000..........290000..........300000..........310000..........320000..........330000..........340000..........350000..........360000..........370000..........380000..........390000..........400000..........410000..........420000..........430000..........440000..........450000..........460000..........470000..........480000..........490000..........500000..........510000..........517130 WORDS [DONE]
MAKING MAPPING from <Ancora_es.M0.LR.SAMPLES>... [DONE]
FILTERING MAPING (minfreq = 2 :: maxmapsize = 100000)
WRITING MAPPING <Ancora_es.M0.LR.SAMPLES.MAP>... [FREQ = 3] :: [SIZE = 88806] [DONE]
MAPPING DATA FEATURES from <Ancora_es.M0.LR.SAMPLES> to <Ancora_es.M0.LR.SAMPLES.DSF>.....129775 [DONE]
LEARNING SVM MODELS... [C = 0.1535] ..F..a00..aop..aos..aq0..aqc..aqp..aqs..cc..cs..dc..dp..ds..i..n0..nc..np..ns..p0..pc..pp..ps..rg..rn..rp..spc..sps..v0i..v0n..vcn..vpi..vpm..vpp..vps..vsi..vsm..vsp..vss..w..z [DONE]
BENCHMARK TIME: 448.0000
---------------- UNKNOWN WORDS... [MODE = 0 :: DIRECTON = LR] -------------------
FEATURE EXTRACTION from < /home/jgimenez/resources/corpora/Ancora/words_es.WP.4collins > onto < Ancora_es.UNK.M0.LR.SAMPLES > ..........................................10000..........20000..........30000....517130 WORDS [DONE]
MAKING MAPPING from <Ancora_es.UNK.M0.LR.SAMPLES>... [DONE]
FILTERING MAPING (minfreq = 2 :: maxmapsize = 100000)
WRITING MAPPING <Ancora_es.UNK.M0.LR.SAMPLES.MAP>... [FREQ = 2] :: [SIZE = 44670] [DONE]
MAPPING DATA FEATURES from <Ancora_es.UNK.M0.LR.SAMPLES> to <Ancora_es.UNK.M0.LR.SAMPLES.DSF>.....31053 [DONE]
LEARNING SVM MODELS... [C = 0.1355] ..F..a00..aop..aos..aq0..aqc..aqp..aqs..cc..cs..dc..dp..ds..i..n0..nc..np..ns..p0..pc..pp..ps..rg..rn..spc..sps..v0g..v0n..vcn..vpi..vpm..vpp..vps..vsi..vsm..vsp..vss..w..z [DONE]
BENCHMARK TIME: 194.0000
READING MAPPING FOR KNOWN WORDS...<Ancora_es.M0.LR.SAMPLES.MAP>
READING SVM-MODELS FOR KNOWN WORDS...
F..a00..aop..aos..aq0..aqc..aqp..aqs..cc..cs..dc..dp..ds..i..n0..nc..np..ns..p0..pc..pp..ps..rg..rn..rp..spc..sps..v0i..v0n..vcn..vpi..vpm..vpp..vps..vsi..vsm..vsp..vss..w..z..[DONE]
MERGING MAPPING and MODELS FOR KNOWN WORDS...
WRITING MERGED MODELS FOR KNOWN WORDS...<Ancora_es.M0.LR.MRG>
READING MAPPING FOR UNKNOWN WORDS...<Ancora_es.UNK.M0.LR.SAMPLES.MAP>
READING SVM-MODELS FOR UNKNOWN WORDS...
F..a00..aop..aos..aq0..aqc..aqp..aqs..cc..cs..dc..dp..ds..i..n0..nc..np..ns..p0..pc..pp..ps..rg..rn..spc..sps..v0g..v0n..vcn..vpi..vpm..vpp..vps..vsi..vsm..vsp..vss..w..z..[DONE]
MERGING MAPPING and MODELS FOR UNKNOWN WORDS...
WRITING MERGED MODELS FOR UNKNOWN WORDS...<Ancora_es.UNK.M0.LR.MRG>
..........10000..........20000..........30000..........40000..........50000..........60000..........70000..........80000..........90000..........100000..........110000..........120000.........
*********************************************************************************************
BUILDING MODELS... [MODE = 0 :: DIRECTON = RL]
*********************************************************************************************


=============================================================================================
=============================================================================================
---------------------------------------------------------------------------------------------
---------------------------------------------------------------------------------------------
BUILDING MODELS ON WHOLE CORPUS <Ancora_es.REV>
C PARAMETER [MODE = 0 :: DIRECTON = RL]:   KNOWN [ C = 0.1265 ] :: UNKNOWN [ C = 0.1045 ]
---------------------------------------------------------------------------------------------
---------------------------------------------------------------------------------------------
---------------- KNOWN WORDS... [MODE = 0 :: DIRECTON = RL] -------------------
FEATURE EXTRACTION from < Ancora_es.REV > onto < Ancora_es.M0.RL.SAMPLES > .............10000..........20000..........30000..........40000..........50000..........60000..........70000..........80000..........90000..........100000..........110000..........120000..........130000..........140000..........150000..........160000..........170000..........180000..........190000..........200000..........210000..........220000..........230000..........240000..........250000..........260000..........270000..........280000..........290000..........300000..........310000..........320000..........330000..........340000..........350000..........360000..........370000..........380000..........390000..........400000..........410000..........420000..........430000..........440000..........450000..........460000..........470000..........480000..........490000..........500000..........510000..........517130 WORDS [DONE]
MAKING MAPPING from <Ancora_es.M0.RL.SAMPLES>... [DONE]
FILTERING MAPING (minfreq = 2 :: maxmapsize = 100000)
WRITING MAPPING <Ancora_es.M0.RL.SAMPLES.MAP>... [FREQ = 3] :: [SIZE = 88534] [DONE]
MAPPING DATA FEATURES from <Ancora_es.M0.RL.SAMPLES> to <Ancora_es.M0.RL.SAMPLES.DSF>.....129775 [DONE]
LEARNING SVM MODELS... [C = 0.1265] ..F..a00..aop..aos..aq0..aqc..aqp..aqs..cc..cs..dc..dp..ds..i..n0..nc..np..ns..p0..pc..pp..ps..rg..rn..rp..spc..sps..v0i..v0n..vcn..vpi..vpm..vpp..vps..vsi..vsm..vsp..vss..w..z [DONE]
BENCHMARK TIME: 409.0000
---------------- UNKNOWN WORDS... [MODE = 0 :: DIRECTON = RL] -------------------
FEATURE EXTRACTION from < Ancora_es.REV > onto < Ancora_es.UNK.M0.RL.SAMPLES > .............................10000..........20000..........30000....517130 WORDS [DONE]
MAKING MAPPING from <Ancora_es.UNK.M0.RL.SAMPLES>... [DONE]
FILTERING MAPING (minfreq = 2 :: maxmapsize = 100000)
WRITING MAPPING <Ancora_es.UNK.M0.RL.SAMPLES.MAP>... [FREQ = 2] :: [SIZE = 46533] [DONE]
MAPPING DATA FEATURES from <Ancora_es.UNK.M0.RL.SAMPLES> to <Ancora_es.UNK.M0.RL.SAMPLES.DSF>.....31709 [DONE]
LEARNING SVM MODELS... [C = 0.1045] ..F..a00..aop..aos..aq0..aqc..aqp..aqs..cc..cs..dc..dp..ds..i..n0..nc..np..ns..p0..pc..pp..ps..rg..rn..spc..sps..v0g..v0n..vcn..vpi..vpm..vpp..vps..vsi..vsm..vsp..vss..w..z [DONE]
BENCHMARK TIME: 254.0000
READING MAPPING FOR KNOWN WORDS...<Ancora_es.M0.RL.SAMPLES.MAP>
READING SVM-MODELS FOR KNOWN WORDS...
F..a00..aop..aos..aq0..aqc..aqp..aqs..cc..cs..dc..dp..ds..i..n0..nc..np..ns..p0..pc..pp..ps..rg..rn..rp..spc..sps..v0i..v0n..vcn..vpi..vpm..vpp..vps..vsi..vsm..vsp..vss..w..z..[DONE]
MERGING MAPPING and MODELS FOR KNOWN WORDS...
WRITING MERGED MODELS FOR KNOWN WORDS...<Ancora_es.M0.RL.MRG>
READING MAPPING FOR UNKNOWN WORDS...<Ancora_es.UNK.M0.RL.SAMPLES.MAP>
READING SVM-MODELS FOR UNKNOWN WORDS...
F..a00..aop..aos..aq0..aqc..aqp..aqs..cc..cs..dc..dp..ds..i..n0..nc..np..ns..p0..pc..pp..ps..rg..rn..spc..sps..v0g..v0n..vcn..vpi..vpm..vpp..vps..vsi..vsm..vsp..vss..w..z..[DONE]
MERGING MAPPING and MODELS FOR UNKNOWN WORDS...
WRITING MERGED MODELS FOR UNKNOWN WORDS...<Ancora_es.UNK.M0.RL.MRG>
..........10000..........20000..........30000..........40000..........50000..........60000..........70000..........80000..........90000..........100000..........110000..........120000.........
*********************************************************************************************
BUILDING MODELS... [MODE = 1 :: DIRECTON = LR]
*********************************************************************************************


=============================================================================================
=============================================================================================
---------------------------------------------------------------------------------------------
---------------------------------------------------------------------------------------------
BUILDING MODELS ON WHOLE CORPUS </home/jgimenez/resources/corpora/Ancora/words_es.WP.4collins>
C PARAMETER [MODE = 1 :: DIRECTON = LR]:   KNOWN [ C = 0.203 ] :: UNKNOWN [ C = 0.32 ]
---------------------------------------------------------------------------------------------
---------------------------------------------------------------------------------------------
---------------- KNOWN WORDS... [MODE = 1 :: DIRECTON = LR] -------------------
FEATURE EXTRACTION from < /home/jgimenez/resources/corpora/Ancora/words_es.WP.4collins > onto < Ancora_es.M1.LR.SAMPLES > .............10000..........20000..........30000..........40000..........50000..........60000..........70000..........80000..........90000..........100000..........110000..........120000..........130000..........140000..........150000..........160000..........170000..........180000..........190000..........200000..........210000..........220000..........230000..........240000..........250000..........260000..........270000..........280000..........290000..........300000..........310000..........320000..........330000..........340000..........350000..........360000..........370000..........380000..........390000..........400000..........410000..........420000..........430000..........440000..........450000..........460000..........470000..........480000..........490000..........500000..........510000..........517130 WORDS [DONE]
MAKING MAPPING from <Ancora_es.M1.LR.SAMPLES>... [DONE]
FILTERING MAPING (minfreq = 2 :: maxmapsize = 100000)
WRITING MAPPING <Ancora_es.M1.LR.SAMPLES.MAP>... [FREQ = 3] :: [SIZE = 95631] [DONE]
MAPPING DATA FEATURES from <Ancora_es.M1.LR.SAMPLES> to <Ancora_es.M1.LR.SAMPLES.DSF>.....129775 [DONE]
LEARNING SVM MODELS... [C = 0.203] ..F..a00..aop..aos..aq0..aqc..aqp..aqs..cc..cs..dc..dp..ds..i..n0..nc..np..ns..p0..pc..pp..ps..rg..rn..rp..spc..sps..v0i..v0n..vcn..vpi..vpm..vpp..vps..vsi..vsm..vsp..vss..w..z [DONE]
BENCHMARK TIME: 759.0000
---------------- UNKNOWN WORDS... [MODE = 1 :: DIRECTON = LR] -------------------
FEATURE EXTRACTION from < /home/jgimenez/resources/corpora/Ancora/words_es.WP.4collins > onto < Ancora_es.UNK.M1.LR.SAMPLES > ..........................................10000..........20000..........30000....517130 WORDS [DONE]
MAKING MAPPING from <Ancora_es.UNK.M1.LR.SAMPLES>... [DONE]
FILTERING MAPING (minfreq = 2 :: maxmapsize = 100000)
WRITING MAPPING <Ancora_es.UNK.M1.LR.SAMPLES.MAP>... [FREQ = 2] :: [SIZE = 44239] [DONE]
MAPPING DATA FEATURES from <Ancora_es.UNK.M1.LR.SAMPLES> to <Ancora_es.UNK.M1.LR.SAMPLES.DSF>.....31053 [DONE]
LEARNING SVM MODELS... [C = 0.32] ..F..a00..aop..aos..aq0..aqc..aqp..aqs..cc..cs..dc..dp..ds..i..n0..nc..np..ns..p0..pc..pp..ps..rg..rn..spc..sps..v0g..v0n..vcn..vpi..vpm..vpp..vps..vsi..vsm..vsp..vss..w..z [DONE]
BENCHMARK TIME: 381.0000
READING MAPPING FOR KNOWN WORDS...<Ancora_es.M1.LR.SAMPLES.MAP>
READING SVM-MODELS FOR KNOWN WORDS...
F..a00..aop..aos..aq0..aqc..aqp..aqs..cc..cs..dc..dp..ds..i..n0..nc..np..ns..p0..pc..pp..ps..rg..rn..rp..spc..sps..v0i..v0n..vcn..vpi..vpm..vpp..vps..vsi..vsm..vsp..vss..w..z..[DONE]
MERGING MAPPING and MODELS FOR KNOWN WORDS...
WRITING MERGED MODELS FOR KNOWN WORDS...<Ancora_es.M1.LR.MRG>
READING MAPPING FOR UNKNOWN WORDS...<Ancora_es.UNK.M1.LR.SAMPLES.MAP>
READING SVM-MODELS FOR UNKNOWN WORDS...
F..a00..aop..aos..aq0..aqc..aqp..aqs..cc..cs..dc..dp..ds..i..n0..nc..np..ns..p0..pc..pp..ps..rg..rn..spc..sps..v0g..v0n..vcn..vpi..vpm..vpp..vps..vsi..vsm..vsp..vss..w..z..[DONE]
MERGING MAPPING and MODELS FOR UNKNOWN WORDS...
WRITING MERGED MODELS FOR UNKNOWN WORDS...<Ancora_es.UNK.M1.LR.MRG>
..........10000..........20000..........30000..........40000..........50000..........60000..........70000..........80000..........90000..........100000..........110000..........120000.........
*********************************************************************************************
BUILDING MODELS... [MODE = 1 :: DIRECTON = RL]
*********************************************************************************************


=============================================================================================
=============================================================================================
---------------------------------------------------------------------------------------------
---------------------------------------------------------------------------------------------
BUILDING MODELS ON WHOLE CORPUS <Ancora_es.REV>
C PARAMETER [MODE = 1 :: DIRECTON = RL]:   KNOWN [ C = 0.1045 ] :: UNKNOWN [ C = 0.32 ]
---------------------------------------------------------------------------------------------
---------------------------------------------------------------------------------------------
---------------- KNOWN WORDS... [MODE = 1 :: DIRECTON = RL] -------------------
FEATURE EXTRACTION from < Ancora_es.REV > onto < Ancora_es.M1.RL.SAMPLES > .............10000..........20000..........30000..........40000..........50000..........60000..........70000..........80000..........90000..........100000..........110000..........120000..........130000..........140000..........150000..........160000..........170000..........180000..........190000..........200000..........210000..........220000..........230000..........240000..........250000..........260000..........270000..........280000..........290000..........300000..........310000..........320000..........330000..........340000..........350000..........360000..........370000..........380000..........390000..........400000..........410000..........420000..........430000..........440000..........450000..........460000..........470000..........480000..........490000..........500000..........510000..........517130 WORDS [DONE]
MAKING MAPPING from <Ancora_es.M1.RL.SAMPLES>... [DONE]
FILTERING MAPING (minfreq = 2 :: maxmapsize = 100000)
WRITING MAPPING <Ancora_es.M1.RL.SAMPLES.MAP>... [FREQ = 3] :: [SIZE = 95345] [DONE]
MAPPING DATA FEATURES from <Ancora_es.M1.RL.SAMPLES> to <Ancora_es.M1.RL.SAMPLES.DSF>.....129775 [DONE]
LEARNING SVM MODELS... [C = 0.1045] ..F..a00..aop..aos..aq0..aqc..aqp..aqs..cc..cs..dc..dp..ds..i..n0..nc..np..ns..p0..pc..pp..ps..rg..rn..rp..spc..sps..v0i..v0n..vcn..vpi..vpm..vpp..vps..vsi..vsm..vsp..vss..w..z [DONE]
BENCHMARK TIME: 473.0000
---------------- UNKNOWN WORDS... [MODE = 1 :: DIRECTON = RL] -------------------
FEATURE EXTRACTION from < Ancora_es.REV > onto < Ancora_es.UNK.M1.RL.SAMPLES > .............................10000..........20000..........30000....517130 WORDS [DONE]
MAKING MAPPING from <Ancora_es.UNK.M1.RL.SAMPLES>... [DONE]
FILTERING MAPING (minfreq = 2 :: maxmapsize = 100000)
WRITING MAPPING <Ancora_es.UNK.M1.RL.SAMPLES.MAP>... [FREQ = 2] :: [SIZE = 45596] [DONE]
MAPPING DATA FEATURES from <Ancora_es.UNK.M1.RL.SAMPLES> to <Ancora_es.UNK.M1.RL.SAMPLES.DSF>.....31709 [DONE]
LEARNING SVM MODELS... [C = 0.32] ..F..a00..aop..aos..aq0..aqc..aqp..aqs..cc..cs..dc..dp..ds..i..n0..nc..np..ns..p0..pc..pp..ps..rg..rn..spc..sps..v0g..v0n..vcn..vpi..vpm..vpp..vps..vsi..vsm..vsp..vss..w..z [DONE]
BENCHMARK TIME: 335.0000
READING MAPPING FOR KNOWN WORDS...<Ancora_es.M1.RL.SAMPLES.MAP>
READING SVM-MODELS FOR KNOWN WORDS...
F..a00..aop..aos..aq0..aqc..aqp..aqs..cc..cs..dc..dp..ds..i..n0..nc..np..ns..p0..pc..pp..ps..rg..rn..rp..spc..sps..v0i..v0n..vcn..vpi..vpm..vpp..vps..vsi..vsm..vsp..vss..w..z..[DONE]
MERGING MAPPING and MODELS FOR KNOWN WORDS...
WRITING MERGED MODELS FOR KNOWN WORDS...<Ancora_es.M1.RL.MRG>
READING MAPPING FOR UNKNOWN WORDS...<Ancora_es.UNK.M1.RL.SAMPLES.MAP>
READING SVM-MODELS FOR UNKNOWN WORDS...
F..a00..aop..aos..aq0..aqc..aqp..aqs..cc..cs..dc..dp..ds..i..n0..nc..np..ns..p0..pc..pp..ps..rg..rn..spc..sps..v0g..v0n..vcn..vpi..vpm..vpp..vps..vsi..vsm..vsp..vss..w..z..[DONE]
MERGING MAPPING and MODELS FOR UNKNOWN WORDS...
WRITING MERGED MODELS FOR UNKNOWN WORDS...<Ancora_es.UNK.M1.RL.MRG>
..........10000..........20000..........30000..........40000..........50000..........60000..........70000..........80000..........90000..........100000..........110000..........120000.........
*********************************************************************************************
BUILDING MODELS... [MODE = 2 :: DIRECTON = LR]
*********************************************************************************************


=============================================================================================
=============================================================================================
---------------------------------------------------------------------------------------------
---------------------------------------------------------------------------------------------
BUILDING MODELS ON WHOLE CORPUS </home/jgimenez/resources/corpora/Ancora/words_es.WP.4collins>
C PARAMETER [MODE = 2 :: DIRECTON = LR]:   KNOWN [ C = 0.185 ] :: UNKNOWN [ C = 0.275 ]
---------------------------------------------------------------------------------------------
---------------------------------------------------------------------------------------------
---------------- KNOWN WORDS... [MODE = 2 :: DIRECTON = LR] -------------------
FEATURE EXTRACTION from < /home/jgimenez/resources/corpora/Ancora/words_es.WP.4collins > onto < Ancora_es.M2.LR.SAMPLES > .............10000..........20000..........30000..........40000..........50000..........60000..........70000..........80000..........90000..........100000..........110000..........120000..........130000..........140000..........150000..........160000..........170000..........180000..........190000..........200000..........210000..........220000..........230000..........240000..........250000..........260000..........270000..........280000..........290000..........300000..........310000..........320000..........330000..........340000..........350000..........360000..........370000..........380000..........390000..........400000..........410000..........420000..........430000..........440000..........450000..........460000..........470000..........480000..........490000..........500000..........510000..........517130 WORDS [DONE]
MAKING MAPPING from <Ancora_es.M2.LR.SAMPLES>... [DONE]
FILTERING MAPING (minfreq = 2 :: maxmapsize = 100000)
WRITING MAPPING <Ancora_es.M2.LR.SAMPLES.MAP>... [FREQ = 3] :: [SIZE = 74273] [DONE]
MAPPING DATA FEATURES from <Ancora_es.M2.LR.SAMPLES> to <Ancora_es.M2.LR.SAMPLES.DSF>.....129775 [DONE]
LEARNING SVM MODELS... [C = 0.185] ..F..a00..aop..aos..aq0..aqc..aqp..aqs..cc..cs..dc..dp..ds..i..n0..nc..np..ns..p0..pc..pp..ps..rg..rn..rp..spc..sps..v0i..v0n..vcn..vpi..vpm..vpp..vps..vsi..vsm..vsp..vss..w..z [DONE]
BENCHMARK TIME: 506.0000
---------------- UNKNOWN WORDS... [MODE = 2 :: DIRECTON = LR] -------------------
FEATURE EXTRACTION from < /home/jgimenez/resources/corpora/Ancora/words_es.WP.4collins > onto < Ancora_es.UNK.M2.LR.SAMPLES > ..........................................10000..........20000..........30000....517130 WORDS [DONE]
MAKING MAPPING from <Ancora_es.UNK.M2.LR.SAMPLES>... [DONE]
FILTERING MAPING (minfreq = 2 :: maxmapsize = 100000)
WRITING MAPPING <Ancora_es.UNK.M2.LR.SAMPLES.MAP>... [FREQ = 2] :: [SIZE = 37775] [DONE]
MAPPING DATA FEATURES from <Ancora_es.UNK.M2.LR.SAMPLES> to <Ancora_es.UNK.M2.LR.SAMPLES.DSF>.....31053 [DONE]
LEARNING SVM MODELS... [C = 0.275] ..F..a00..aop..aos..aq0..aqc..aqp..aqs..cc..cs..dc..dp..ds..i..n0..nc..np..ns..p0..pc..pp..ps..rg..rn..spc..sps..v0g..v0n..vcn..vpi..vpm..vpp..vps..vsi..vsm..vsp..vss..w..z [DONE]
BENCHMARK TIME: 224.0000
READING MAPPING FOR KNOWN WORDS...<Ancora_es.M2.LR.SAMPLES.MAP>
READING SVM-MODELS FOR KNOWN WORDS...
F..a00..aop..aos..aq0..aqc..aqp..aqs..cc..cs..dc..dp..ds..i..n0..nc..np..ns..p0..pc..pp..ps..rg..rn..rp..spc..sps..v0i..v0n..vcn..vpi..vpm..vpp..vps..vsi..vsm..vsp..vss..w..z..[DONE]
MERGING MAPPING and MODELS FOR KNOWN WORDS...
WRITING MERGED MODELS FOR KNOWN WORDS...<Ancora_es.M2.LR.MRG>
READING MAPPING FOR UNKNOWN WORDS...<Ancora_es.UNK.M2.LR.SAMPLES.MAP>
READING SVM-MODELS FOR UNKNOWN WORDS...
F..a00..aop..aos..aq0..aqc..aqp..aqs..cc..cs..dc..dp..ds..i..n0..nc..np..ns..p0..pc..pp..ps..rg..rn..spc..sps..v0g..v0n..vcn..vpi..vpm..vpp..vps..vsi..vsm..vsp..vss..w..z..[DONE]
MERGING MAPPING and MODELS FOR UNKNOWN WORDS...
WRITING MERGED MODELS FOR UNKNOWN WORDS...<Ancora_es.UNK.M2.LR.MRG>
..........10000..........20000..........30000..........40000..........50000..........60000..........70000..........80000..........90000..........100000..........110000..........120000.........
*********************************************************************************************
BUILDING MODELS... [MODE = 2 :: DIRECTON = RL]
*********************************************************************************************


=============================================================================================
=============================================================================================
---------------------------------------------------------------------------------------------
---------------------------------------------------------------------------------------------
BUILDING MODELS ON WHOLE CORPUS <Ancora_es.REV>
C PARAMETER [MODE = 2 :: DIRECTON = RL]:   KNOWN [ C = 1.535 ] :: UNKNOWN [ C = 1 ]
---------------------------------------------------------------------------------------------
---------------------------------------------------------------------------------------------
---------------- KNOWN WORDS... [MODE = 2 :: DIRECTON = RL] -------------------
FEATURE EXTRACTION from < Ancora_es.REV > onto < Ancora_es.M2.RL.SAMPLES > .............10000..........20000..........30000..........40000..........50000..........60000..........70000..........80000..........90000..........100000..........110000..........120000..........130000..........140000..........150000..........160000..........170000..........180000..........190000..........200000..........210000..........220000..........230000..........240000..........250000..........260000..........270000..........280000..........290000..........300000..........310000..........320000..........330000..........340000..........350000..........360000..........370000..........380000..........390000..........400000..........410000..........420000..........430000..........440000..........450000..........460000..........470000..........480000..........490000..........500000..........510000..........517130 WORDS [DONE]
MAKING MAPPING from <Ancora_es.M2.RL.SAMPLES>... [DONE]
FILTERING MAPING (minfreq = 2 :: maxmapsize = 100000)
WRITING MAPPING <Ancora_es.M2.RL.SAMPLES.MAP>... [FREQ = 3] :: [SIZE = 74271] [DONE]
MAPPING DATA FEATURES from <Ancora_es.M2.RL.SAMPLES> to <Ancora_es.M2.RL.SAMPLES.DSF>.....129775 [DONE]
LEARNING SVM MODELS... [C = 1.535] ..F..a00..aop..aos..aq0..aqc..aqp..aqs..cc..cs..dc..dp..ds..i..n0..nc..np..ns..p0..pc..pp..ps..rg..rn..rp..spc..sps..v0i..v0n..vcn..vpi..vpm..vpp..vps..vsi..vsm..vsp..vss..w..z [DONE]
BENCHMARK TIME: 946.0000
---------------- UNKNOWN WORDS... [MODE = 2 :: DIRECTON = RL] -------------------
FEATURE EXTRACTION from < Ancora_es.REV > onto < Ancora_es.UNK.M2.RL.SAMPLES > .............................10000..........20000..........30000....517130 WORDS [DONE]
MAKING MAPPING from <Ancora_es.UNK.M2.RL.SAMPLES>... [DONE]
FILTERING MAPING (minfreq = 2 :: maxmapsize = 100000)
WRITING MAPPING <Ancora_es.UNK.M2.RL.SAMPLES.MAP>... [FREQ = 2] :: [SIZE = 39019] [DONE]
MAPPING DATA FEATURES from <Ancora_es.UNK.M2.RL.SAMPLES> to <Ancora_es.UNK.M2.RL.SAMPLES.DSF>.....31709 [DONE]
LEARNING SVM MODELS... [C = 1] ..F..a00..aop..aos..aq0..aqc..aqp..aqs..cc..cs..dc..dp..ds..i..n0..nc..np..ns..p0..pc..pp..ps..rg..rn..spc..sps..v0g..v0n..vcn..vpi..vpm..vpp..vps..vsi..vsm..vsp..vss..w..z [DONE]
BENCHMARK TIME: 352.0000
READING MAPPING FOR KNOWN WORDS...<Ancora_es.M2.RL.SAMPLES.MAP>
READING SVM-MODELS FOR KNOWN WORDS...
F..a00..aop..aos..aq0..aqc..aqp..aqs..cc..cs..dc..dp..ds..i..n0..nc..np..ns..p0..pc..pp..ps..rg..rn..rp..spc..sps..v0i..v0n..vcn..vpi..vpm..vpp..vps..vsi..vsm..vsp..vss..w..z..[DONE]
MERGING MAPPING and MODELS FOR KNOWN WORDS...
WRITING MERGED MODELS FOR KNOWN WORDS...<Ancora_es.M2.RL.MRG>
READING MAPPING FOR UNKNOWN WORDS...<Ancora_es.UNK.M2.RL.SAMPLES.MAP>
READING SVM-MODELS FOR UNKNOWN WORDS...
F..a00..aop..aos..aq0..aqc..aqp..aqs..cc..cs..dc..dp..ds..i..n0..nc..np..ns..p0..pc..pp..ps..rg..rn..spc..sps..v0g..v0n..vcn..vpi..vpm..vpp..vps..vsi..vsm..vsp..vss..w..z..[DONE]
MERGING MAPPING and MODELS FOR UNKNOWN WORDS...
WRITING MERGED MODELS FOR UNKNOWN WORDS...<Ancora_es.UNK.M2.RL.MRG>

*********************************************************************************************
BUILDING MODELS... [MODE = 4 :: DIRECTON = LR]
*********************************************************************************************


=============================================================================================
=============================================================================================
---------------------------------------------------------------------------------------------
---------------------------------------------------------------------------------------------
BUILDING MODELS ON WHOLE CORPUS </home/jgimenez/resources/corpora/Ancora/words_es.WP.4collins>
C PARAMETER [MODE = 4 :: DIRECTON = LR]:   KNOWN [ C = 0.1445 ] :: UNKNOWN [ C = 0.1355 ]
---------------------------------------------------------------------------------------------
---------------------------------------------------------------------------------------------
---------------- KNOWN WORDS... [MODE = 4 :: DIRECTON = LR] -------------------
FEATURE EXTRACTION from < /home/jgimenez/resources/corpora/Ancora/words_es.WP.4collins > onto < Ancora_es.M4.LR.SAMPLES > .............10000..........20000..........30000..........40000..........50000..........60000..........70000..........80000..........90000..........100000..........110000..........120000.........517130 WORDS [DONE]
MAKING MAPPING from <Ancora_es.M4.LR.SAMPLES>... [DONE]
FILTERING MAPING (minfreq = 2 :: maxmapsize = 100000)
WRITING MAPPING <Ancora_es.M4.LR.SAMPLES.MAP>... [FREQ = 3] :: [SIZE = 87405] [DONE]
MAPPING DATA FEATURES from <Ancora_es.M4.LR.SAMPLES> to <Ancora_es.M4.LR.SAMPLES.DSF>.....126860 [DONE]
LEARNING SVM MODELS... [C = 0.1445] ..F..a00..aop..aos..aq0..aqc..aqp..aqs..cc..cs..dc..dp..ds..i..n0..nc..np..ns..p0..pc..pp..ps..rg..rn..rp..spc..sps..v0i..v0n..vcn..vpi..vpm..vpp..vps..vsi..vsm..vsp..vss..w..z [DONE]
BENCHMARK TIME: 551.0000
---------------- UNKNOWN WORDS... [MODE = 4 :: DIRECTON = LR] -------------------
FEATURE EXTRACTION from < /home/jgimenez/resources/corpora/Ancora/words_es.WP.4collins > onto < Ancora_es.UNK.M4.LR.SAMPLES > ..........................................10000..........20000..........30000....517130 WORDS [DONE]
MAKING MAPPING from <Ancora_es.UNK.M4.LR.SAMPLES>... [DONE]
FILTERING MAPING (minfreq = 2 :: maxmapsize = 100000)
WRITING MAPPING <Ancora_es.UNK.M4.LR.SAMPLES.MAP>... [FREQ = 2] :: [SIZE = 44670] [DONE]
MAPPING DATA FEATURES from <Ancora_es.UNK.M4.LR.SAMPLES> to <Ancora_es.UNK.M4.LR.SAMPLES.DSF>.....31053 [DONE]
LEARNING SVM MODELS... [C = 0.1355] ..F..a00..aop..aos..aq0..aqc..aqp..aqs..cc..cs..dc..dp..ds..i..n0..nc..np..ns..p0..pc..pp..ps..rg..rn..spc..sps..v0g..v0n..vcn..vpi..vpm..vpp..vps..vsi..vsm..vsp..vss..w..z [DONE]
BENCHMARK TIME: 256.0000
READING MAPPING FOR KNOWN WORDS...<Ancora_es.M4.LR.SAMPLES.MAP>
READING SVM-MODELS FOR KNOWN WORDS...
F..a00..aop..aos..aq0..aqc..aqp..aqs..cc..cs..dc..dp..ds..i..n0..nc..np..ns..p0..pc..pp..ps..rg..rn..rp..spc..sps..v0i..v0n..vcn..vpi..vpm..vpp..vps..vsi..vsm..vsp..vss..w..z..[DONE]
MERGING MAPPING and MODELS FOR KNOWN WORDS...
WRITING MERGED MODELS FOR KNOWN WORDS...<Ancora_es.M4.LR.MRG>
READING MAPPING FOR UNKNOWN WORDS...<Ancora_es.UNK.M4.LR.SAMPLES.MAP>
READING SVM-MODELS FOR UNKNOWN WORDS...
F..a00..aop..aos..aq0..aqc..aqp..aqs..cc..cs..dc..dp..ds..i..n0..nc..np..ns..p0..pc..pp..ps..rg..rn..spc..sps..v0g..v0n..vcn..vpi..vpm..vpp..vps..vsi..vsm..vsp..vss..w..z..[DONE]
MERGING MAPPING and MODELS FOR UNKNOWN WORDS...
WRITING MERGED MODELS FOR UNKNOWN WORDS...<Ancora_es.UNK.M4.LR.MRG>

*********************************************************************************************
BUILDING MODELS... [MODE = 4 :: DIRECTON = RL]
*********************************************************************************************


=============================================================================================
=============================================================================================
---------------------------------------------------------------------------------------------
---------------------------------------------------------------------------------------------
BUILDING MODELS ON WHOLE CORPUS <Ancora_es.REV>
C PARAMETER [MODE = 4 :: DIRECTON = RL]:   KNOWN [ C = 0.2075 ] :: UNKNOWN [ C = 0.1045 ]
---------------------------------------------------------------------------------------------
---------------------------------------------------------------------------------------------
---------------- KNOWN WORDS... [MODE = 4 :: DIRECTON = RL] -------------------
FEATURE EXTRACTION from < Ancora_es.REV > onto < Ancora_es.M4.RL.SAMPLES > .............10000..........20000..........30000..........40000..........50000..........60000..........70000..........80000..........90000..........100000..........110000..........120000.........517130 WORDS [DONE]
MAKING MAPPING from <Ancora_es.M4.RL.SAMPLES>... [DONE]
FILTERING MAPING (minfreq = 2 :: maxmapsize = 100000)
WRITING MAPPING <Ancora_es.M4.RL.SAMPLES.MAP>... [FREQ = 3] :: [SIZE = 86622] [DONE]
MAPPING DATA FEATURES from <Ancora_es.M4.RL.SAMPLES> to <Ancora_es.M4.RL.SAMPLES.DSF>.....126323 [DONE]
LEARNING SVM MODELS... [C = 0.2075] ..F..a00..aop..aos..aq0..aqc..aqp..aqs..cc..cs..dc..dp..ds..i..n0..nc..np..ns..p0..pc..pp..ps..rg..rn..rp..spc..sps..v0i..v0n..vcn..vpi..vpm..vpp..vps..vsi..vsm..vsp..vss..w..z [DONE]
BENCHMARK TIME: 590.0000
---------------- UNKNOWN WORDS... [MODE = 4 :: DIRECTON = RL] -------------------
FEATURE EXTRACTION from < Ancora_es.REV > onto < Ancora_es.UNK.M4.RL.SAMPLES > .............................10000..........20000..........30000....517130 WORDS [DONE]
MAKING MAPPING from <Ancora_es.UNK.M4.RL.SAMPLES>... [DONE]
FILTERING MAPING (minfreq = 2 :: maxmapsize = 100000)
WRITING MAPPING <Ancora_es.UNK.M4.RL.SAMPLES.MAP>... [FREQ = 2] :: [SIZE = 46533] [DONE]
MAPPING DATA FEATURES from <Ancora_es.UNK.M4.RL.SAMPLES> to <Ancora_es.UNK.M4.RL.SAMPLES.DSF>.....31709 [DONE]
LEARNING SVM MODELS... [C = 0.1045] ..F..a00..aop..aos..aq0..aqc..aqp..aqs..cc..cs..dc..dp..ds..i..n0..nc..np..ns..p0..pc..pp..ps..rg..rn..spc..sps..v0g..v0n..vcn..vpi..vpm..vpp..vps..vsi..vsm..vsp..vss..w..z [DONE]
BENCHMARK TIME: 250.0000
READING MAPPING FOR KNOWN WORDS...<Ancora_es.M4.RL.SAMPLES.MAP>
READING SVM-MODELS FOR KNOWN WORDS...
F..a00..aop..aos..aq0..aqc..aqp..aqs..cc..cs..dc..dp..ds..i..n0..nc..np..ns..p0..pc..pp..ps..rg..rn..rp..spc..sps..v0i..v0n..vcn..vpi..vpm..vpp..vps..vsi..vsm..vsp..vss..w..z..[DONE]
MERGING MAPPING and MODELS FOR KNOWN WORDS...
WRITING MERGED MODELS FOR KNOWN WORDS...<Ancora_es.M4.RL.MRG>
READING MAPPING FOR UNKNOWN WORDS...<Ancora_es.UNK.M4.RL.SAMPLES.MAP>
READING SVM-MODELS FOR UNKNOWN WORDS...
F..a00..aop..aos..aq0..aqc..aqp..aqs..cc..cs..dc..dp..ds..i..n0..nc..np..ns..p0..pc..pp..ps..rg..rn..spc..sps..v0g..v0n..vcn..vpi..vpm..vpp..vps..vsi..vsm..vsp..vss..w..z..[DONE]
MERGING MAPPING and MODELS FOR UNKNOWN WORDS...
WRITING MERGED MODELS FOR UNKNOWN WORDS...<Ancora_es.UNK.M4.RL.MRG>
BENCHMARK TIME: 11886.0000

TERMINATION... [DONE]
