nohup: ignoring input
----------------------------------------------------------------------------------------
SVMTool v1.3
(C) 2006 TALP RESEARCH CENTER.
Written by Jesus Gimenez and Lluis Marquez.
----------------------------------------------------------------------------------------
TRAINING SET = /home/jgimenez/resources/corpora/Ancora/words_es.WP.lc
----------------------------------------------------------------------------------------
----------------------------------------------------------------------------------------

CREATING DICTIONARY <Ancora_es_lc.DICT> FROM </home/jgimenez/resources/corpora/Ancora/words_es.WP.lc>
AUTOMATICALLY REPAIRING DICTIONARY <Ancora_es_lc.DICT> [0.001] (#REPAIRINGS = 26)
..........10000..........20000..........30000..........40000..........50000..........60000..........70000..........80000..........90000..........100000..........110000..........120000..........130000..........140000..........150000..........160000........DICTIONARY <Ancora_es_lc.DICT> [44294 words]

*********************************************************************************************
BUILDING MODELS... [MODE = 0 :: DIRECTON = LR]
*********************************************************************************************


=============================================================================================
=============================================================================================
---------------------------------------------------------------------------------------------
---------------------------------------------------------------------------------------------
BUILDING MODELS ON WHOLE CORPUS </home/jgimenez/resources/corpora/Ancora/words_es.WP.lc>
C PARAMETER [MODE = 0 :: DIRECTON = LR]:   KNOWN [ C = 0.23 ] :: UNKNOWN [ C = 0.1985 ]
---------------------------------------------------------------------------------------------
---------------------------------------------------------------------------------------------
---------------- KNOWN WORDS... [MODE = 0 :: DIRECTON = LR] -------------------
FEATURE EXTRACTION from < /home/jgimenez/resources/corpora/Ancora/words_es.WP.lc > onto < Ancora_es_lc.M0.LR.SAMPLES > .............10000..........20000..........30000..........40000..........50000..........60000..........70000..........80000..........90000..........100000..........110000..........120000..........130000..........140000..........150000..........160000..........170000..........180000..........190000..........200000..........210000..........220000..........230000..........240000..........250000..........260000..........270000..........280000..........290000..........300000..........310000..........320000..........330000..........340000..........350000..........360000..........370000..........380000..........390000..........400000..........410000..........420000..........430000..........440000..........450000..........460000..........470000..........480000..........490000..........500000..........510000..........517130 WORDS [DONE]
MAKING MAPPING from <Ancora_es_lc.M0.LR.SAMPLES>... [DONE]
FILTERING MAPING (minfreq = 2 :: maxmapsize = 100000)
WRITING MAPPING <Ancora_es_lc.M0.LR.SAMPLES.MAP>... [FREQ = 4] :: [SIZE = 79089] [DONE]
MAPPING DATA FEATURES from <Ancora_es_lc.M0.LR.SAMPLES> to <Ancora_es_lc.M0.LR.SAMPLES.DSF>.....168277 [DONE]
LEARNING SVM MODELS... [C = 0.23] ..AO..AQ..CC..CS..DA..DD..DE..DI..DN..DP..DT..Fe..Fia..Fit..Fp..Fpt..Fz..I..NC..NP..P0..PD..PE..PI..PN..PP..PR..PT..PX..RG..RN..RP..SP..VAI..VAM..VAN..VAS..VMG..VMI..VMM..VMN..VMP..VMS..VSG..VSI..VSM..VSN..VSS..W..Z..Zm..Zp [DONE]
BENCHMARK TIME: 867.0000
---------------- UNKNOWN WORDS... [MODE = 0 :: DIRECTON = LR] -------------------
FEATURE EXTRACTION from < /home/jgimenez/resources/corpora/Ancora/words_es.WP.lc > onto < Ancora_es_lc.UNK.M0.LR.SAMPLES > .........................................10000..........20000............517130 WORDS [DONE]
MAKING MAPPING from <Ancora_es_lc.UNK.M0.LR.SAMPLES>... [DONE]
FILTERING MAPING (minfreq = 2 :: maxmapsize = 100000)
WRITING MAPPING <Ancora_es_lc.UNK.M0.LR.SAMPLES.MAP>... [FREQ = 2] :: [SIZE = 42782] [DONE]
MAPPING DATA FEATURES from <Ancora_es_lc.UNK.M0.LR.SAMPLES> to <Ancora_es_lc.UNK.M0.LR.SAMPLES.DSF>.....29359 [DONE]
LEARNING SVM MODELS... [C = 0.1985] ..AO..AQ..CC..CS..DI..DN..DP..DT..Fz..I..NC..NP..P0..PD..PI..PN..PT..PX..RG..RN..SP..VAI..VAN..VAS..VMG..VMI..VMM..VMN..VMP..VMS..VSI..VSN..VSS..W..Z..Zm..Zp [DONE]
BENCHMARK TIME: 280.0000
READING MAPPING FOR KNOWN WORDS...<Ancora_es_lc.M0.LR.SAMPLES.MAP>
READING SVM-MODELS FOR KNOWN WORDS...
AO..AQ..CC..CS..DA..DD..DE..DI..DN..DP..DT..Fe..Fia..Fit..Fp..Fpt..Fz..I..NC..NP..P0..PD..PE..PI..PN..PP..PR..PT..PX..RG..RN..RP..SP..VAI..VAM..VAN..VAS..VMG..VMI..VMM..VMN..VMP..VMS..VSG..VSI..VSM..VSN..VSS..W..Z..Zm..Zp..[DONE]
MERGING MAPPING and MODELS FOR KNOWN WORDS...
WRITING MERGED MODELS FOR KNOWN WORDS...<Ancora_es_lc.M0.LR.MRG>
READING MAPPING FOR UNKNOWN WORDS...<Ancora_es_lc.UNK.M0.LR.SAMPLES.MAP>
READING SVM-MODELS FOR UNKNOWN WORDS...
AO..AQ..CC..CS..DI..DN..DP..DT..Fz..I..NC..NP..P0..PD..PI..PN..PT..PX..RG..RN..SP..VAI..VAN..VAS..VMG..VMI..VMM..VMN..VMP..VMS..VSI..VSN..VSS..W..Z..Zm..Zp..[DONE]
MERGING MAPPING and MODELS FOR UNKNOWN WORDS...
WRITING MERGED MODELS FOR UNKNOWN WORDS...<Ancora_es_lc.UNK.M0.LR.MRG>
..........10000..........20000..........30000..........40000..........50000..........60000..........70000..........80000..........90000..........100000..........110000..........120000..........130000..........140000..........150000..........160000........
*********************************************************************************************
BUILDING MODELS... [MODE = 0 :: DIRECTON = RL]
*********************************************************************************************


=============================================================================================
=============================================================================================
---------------------------------------------------------------------------------------------
---------------------------------------------------------------------------------------------
BUILDING MODELS ON WHOLE CORPUS <Ancora_es_lc.REV>
C PARAMETER [MODE = 0 :: DIRECTON = RL]:   KNOWN [ C = 0.23 ] :: UNKNOWN [ C = 0.275 ]
---------------------------------------------------------------------------------------------
---------------------------------------------------------------------------------------------
---------------- KNOWN WORDS... [MODE = 0 :: DIRECTON = RL] -------------------
FEATURE EXTRACTION from < Ancora_es_lc.REV > onto < Ancora_es_lc.M0.RL.SAMPLES > .............10000..........20000..........30000..........40000..........50000..........60000..........70000..........80000..........90000..........100000..........110000..........120000..........130000..........140000..........150000..........160000..........170000..........180000..........190000..........200000..........210000..........220000..........230000..........240000..........250000..........260000..........270000..........280000..........290000..........300000..........310000..........320000..........330000..........340000..........350000..........360000..........370000..........380000..........390000..........400000..........410000..........420000..........430000..........440000..........450000..........460000..........470000..........480000..........490000..........500000..........510000..........517130 WORDS [DONE]
MAKING MAPPING from <Ancora_es_lc.M0.RL.SAMPLES>... [DONE]
FILTERING MAPING (minfreq = 2 :: maxmapsize = 100000)
WRITING MAPPING <Ancora_es_lc.M0.RL.SAMPLES.MAP>... [FREQ = 4] :: [SIZE = 79015] [DONE]
MAPPING DATA FEATURES from <Ancora_es_lc.M0.RL.SAMPLES> to <Ancora_es_lc.M0.RL.SAMPLES.DSF>.....168277 [DONE]
LEARNING SVM MODELS... [C = 0.23] ..AO..AQ..CC..CS..DA..DD..DE..DI..DN..DP..DT..Fe..Fia..Fit..Fp..Fpt..Fz..I..NC..NP..P0..PD..PE..PI..PN..PP..PR..PT..PX..RG..RN..RP..SP..VAI..VAM..VAN..VAS..VMG..VMI..VMM..VMN..VMP..VMS..VSG..VSI..VSM..VSN..VSS..W..Z..Zm..Zp [DONE]
BENCHMARK TIME: 935.0000
---------------- UNKNOWN WORDS... [MODE = 0 :: DIRECTON = RL] -------------------
FEATURE EXTRACTION from < Ancora_es_lc.REV > onto < Ancora_es_lc.UNK.M0.RL.SAMPLES > ..............................10000..........20000............517130 WORDS [DONE]
MAKING MAPPING from <Ancora_es_lc.UNK.M0.RL.SAMPLES>... [DONE]
FILTERING MAPING (minfreq = 2 :: maxmapsize = 100000)
WRITING MAPPING <Ancora_es_lc.UNK.M0.RL.SAMPLES.MAP>... [FREQ = 2] :: [SIZE = 43579] [DONE]
MAPPING DATA FEATURES from <Ancora_es_lc.UNK.M0.RL.SAMPLES> to <Ancora_es_lc.UNK.M0.RL.SAMPLES.DSF>.....29620 [DONE]
LEARNING SVM MODELS... [C = 0.275] ..AO..AQ..CC..CS..DI..DN..DP..DT..Fz..I..NC..NP..P0..PD..PI..PN..PT..PX..RG..RN..SP..VAI..VAN..VAS..VMG..VMI..VMM..VMN..VMP..VMS..VSI..VSN..VSS..W..Z..Zm..Zp [DONE]
BENCHMARK TIME: 339.0000
READING MAPPING FOR KNOWN WORDS...<Ancora_es_lc.M0.RL.SAMPLES.MAP>
READING SVM-MODELS FOR KNOWN WORDS...
AO..AQ..CC..CS..DA..DD..DE..DI..DN..DP..DT..Fe..Fia..Fit..Fp..Fpt..Fz..I..NC..NP..P0..PD..PE..PI..PN..PP..PR..PT..PX..RG..RN..RP..SP..VAI..VAM..VAN..VAS..VMG..VMI..VMM..VMN..VMP..VMS..VSG..VSI..VSM..VSN..VSS..W..Z..Zm..Zp..[DONE]
MERGING MAPPING and MODELS FOR KNOWN WORDS...
WRITING MERGED MODELS FOR KNOWN WORDS...<Ancora_es_lc.M0.RL.MRG>
READING MAPPING FOR UNKNOWN WORDS...<Ancora_es_lc.UNK.M0.RL.SAMPLES.MAP>
READING SVM-MODELS FOR UNKNOWN WORDS...
AO..AQ..CC..CS..DI..DN..DP..DT..Fz..I..NC..NP..P0..PD..PI..PN..PT..PX..RG..RN..SP..VAI..VAN..VAS..VMG..VMI..VMM..VMN..VMP..VMS..VSI..VSN..VSS..W..Z..Zm..Zp..[DONE]
MERGING MAPPING and MODELS FOR UNKNOWN WORDS...
WRITING MERGED MODELS FOR UNKNOWN WORDS...<Ancora_es_lc.UNK.M0.RL.MRG>

*********************************************************************************************
BUILDING MODELS... [MODE = 4 :: DIRECTON = LR]
*********************************************************************************************


=============================================================================================
=============================================================================================
---------------------------------------------------------------------------------------------
---------------------------------------------------------------------------------------------
BUILDING MODELS ON WHOLE CORPUS </home/jgimenez/resources/corpora/Ancora/words_es.WP.lc>
C PARAMETER [MODE = 4 :: DIRECTON = LR]:   KNOWN [ C = 0.248 ] :: UNKNOWN [ C = 0.365 ]
---------------------------------------------------------------------------------------------
---------------------------------------------------------------------------------------------
---------------- KNOWN WORDS... [MODE = 4 :: DIRECTON = LR] -------------------
FEATURE EXTRACTION from < /home/jgimenez/resources/corpora/Ancora/words_es.WP.lc > onto < Ancora_es_lc.M4.LR.SAMPLES > .............10000..........20000..........30000..........40000..........50000..........60000..........70000..........80000..........90000..........100000..........110000..........120000..........130000..........140000..........150000..........160000.......517130 WORDS [DONE]
MAKING MAPPING from <Ancora_es_lc.M4.LR.SAMPLES>... [DONE]
FILTERING MAPING (minfreq = 2 :: maxmapsize = 100000)
WRITING MAPPING <Ancora_es_lc.M4.LR.SAMPLES.MAP>... [FREQ = 4] :: [SIZE = 77807] [DONE]
MAPPING DATA FEATURES from <Ancora_es_lc.M4.LR.SAMPLES> to <Ancora_es_lc.M4.LR.SAMPLES.DSF>.....164178 [DONE]
LEARNING SVM MODELS... [C = 0.248] ..AO..AQ..CC..CS..DA..DD..DE..DI..DN..DP..DT..Fe..Fia..Fit..Fp..Fpt..Fz..I..NC..NP..P0..PD..PE..PI..PN..PP..PR..PT..PX..RG..RN..RP..SP..VAI..VAM..VAN..VAS..VMG..VMI..VMM..VMN..VMP..VMS..VSG..VSI..VSM..VSN..VSS..W..Z..Zm..Zp [DONE]
BENCHMARK TIME: 783.0000
---------------- UNKNOWN WORDS... [MODE = 4 :: DIRECTON = LR] -------------------
FEATURE EXTRACTION from < /home/jgimenez/resources/corpora/Ancora/words_es.WP.lc > onto < Ancora_es_lc.UNK.M4.LR.SAMPLES > .........................................10000..........20000............517130 WORDS [DONE]
MAKING MAPPING from <Ancora_es_lc.UNK.M4.LR.SAMPLES>... [DONE]
FILTERING MAPING (minfreq = 2 :: maxmapsize = 100000)
WRITING MAPPING <Ancora_es_lc.UNK.M4.LR.SAMPLES.MAP>... [FREQ = 2] :: [SIZE = 42782] [DONE]
MAPPING DATA FEATURES from <Ancora_es_lc.UNK.M4.LR.SAMPLES> to <Ancora_es_lc.UNK.M4.LR.SAMPLES.DSF>.....29359 [DONE]
LEARNING SVM MODELS... [C = 0.365] ..AO..AQ..CC..CS..DI..DN..DP..DT..Fz..I..NC..NP..P0..PD..PI..PN..PT..PX..RG..RN..SP..VAI..VAN..VAS..VMG..VMI..VMM..VMN..VMP..VMS..VSI..VSN..VSS..W..Z..Zm..Zp [DONE]
BENCHMARK TIME: 343.0000
READING MAPPING FOR KNOWN WORDS...<Ancora_es_lc.M4.LR.SAMPLES.MAP>
READING SVM-MODELS FOR KNOWN WORDS...
AO..AQ..CC..CS..DA..DD..DE..DI..DN..DP..DT..Fe..Fia..Fit..Fp..Fpt..Fz..I..NC..NP..P0..PD..PE..PI..PN..PP..PR..PT..PX..RG..RN..RP..SP..VAI..VAM..VAN..VAS..VMG..VMI..VMM..VMN..VMP..VMS..VSG..VSI..VSM..VSN..VSS..W..Z..Zm..Zp..[DONE]
MERGING MAPPING and MODELS FOR KNOWN WORDS...
WRITING MERGED MODELS FOR KNOWN WORDS...<Ancora_es_lc.M4.LR.MRG>
READING MAPPING FOR UNKNOWN WORDS...<Ancora_es_lc.UNK.M4.LR.SAMPLES.MAP>
READING SVM-MODELS FOR UNKNOWN WORDS...
AO..AQ..CC..CS..DI..DN..DP..DT..Fz..I..NC..NP..P0..PD..PI..PN..PT..PX..RG..RN..SP..VAI..VAN..VAS..VMG..VMI..VMM..VMN..VMP..VMS..VSI..VSN..VSS..W..Z..Zm..Zp..[DONE]
MERGING MAPPING and MODELS FOR UNKNOWN WORDS...
WRITING MERGED MODELS FOR UNKNOWN WORDS...<Ancora_es_lc.UNK.M4.LR.MRG>

*********************************************************************************************
BUILDING MODELS... [MODE = 4 :: DIRECTON = RL]
*********************************************************************************************


=============================================================================================
=============================================================================================
---------------------------------------------------------------------------------------------
---------------------------------------------------------------------------------------------
BUILDING MODELS ON WHOLE CORPUS <Ancora_es_lc.REV>
C PARAMETER [MODE = 4 :: DIRECTON = RL]:   KNOWN [ C = 0.365 ] :: UNKNOWN [ C = 0.275 ]
---------------------------------------------------------------------------------------------
---------------------------------------------------------------------------------------------
---------------- KNOWN WORDS... [MODE = 4 :: DIRECTON = RL] -------------------
FEATURE EXTRACTION from < Ancora_es_lc.REV > onto < Ancora_es_lc.M4.RL.SAMPLES > .............10000..........20000..........30000..........40000..........50000..........60000..........70000..........80000..........90000..........100000..........110000..........120000..........130000..........140000..........150000..........160000......517130 WORDS [DONE]
MAKING MAPPING from <Ancora_es_lc.M4.RL.SAMPLES>... [DONE]
FILTERING MAPING (minfreq = 2 :: maxmapsize = 100000)
WRITING MAPPING <Ancora_es_lc.M4.RL.SAMPLES.MAP>... [FREQ = 4] :: [SIZE = 77462] [DONE]
MAPPING DATA FEATURES from <Ancora_es_lc.M4.RL.SAMPLES> to <Ancora_es_lc.M4.RL.SAMPLES.DSF>.....163782 [DONE]
LEARNING SVM MODELS... [C = 0.365] ..AO..AQ..CC..CS..DA..DD..DE..DI..DN..DP..DT..Fe..Fia..Fit..Fp..Fpt..Fz..I..NC..NP..P0..PD..PE..PI..PN..PP..PR..PT..PX..RG..RN..RP..SP..VAI..VAM..VAN..VAS..VMG..VMI..VMM..VMN..VMP..VMS..VSG..VSI..VSM..VSN..VSS..W..Z..Zm..Zp [DONE]
BENCHMARK TIME: 963.0000
---------------- UNKNOWN WORDS... [MODE = 4 :: DIRECTON = RL] -------------------
FEATURE EXTRACTION from < Ancora_es_lc.REV > onto < Ancora_es_lc.UNK.M4.RL.SAMPLES > ..............................10000..........20000............517130 WORDS [DONE]
MAKING MAPPING from <Ancora_es_lc.UNK.M4.RL.SAMPLES>... [DONE]
FILTERING MAPING (minfreq = 2 :: maxmapsize = 100000)
WRITING MAPPING <Ancora_es_lc.UNK.M4.RL.SAMPLES.MAP>... [FREQ = 2] :: [SIZE = 43579] [DONE]
MAPPING DATA FEATURES from <Ancora_es_lc.UNK.M4.RL.SAMPLES> to <Ancora_es_lc.UNK.M4.RL.SAMPLES.DSF>.....29620 [DONE]
LEARNING SVM MODELS... [C = 0.275] ..AO..AQ..CC..CS..DI..DN..DP..DT..Fz..I..NC..NP..P0..PD..PI..PN..PT..PX..RG..RN..SP..VAI..VAN..VAS..VMG..VMI..VMM..VMN..VMP..VMS..VSI..VSN..VSS..W..Z..Zm..Zp [DONE]
BENCHMARK TIME: 468.0000
READING MAPPING FOR KNOWN WORDS...<Ancora_es_lc.M4.RL.SAMPLES.MAP>
READING SVM-MODELS FOR KNOWN WORDS...
AO..AQ..CC..CS..DA..DD..DE..DI..DN..DP..DT..Fe..Fia..Fit..Fp..Fpt..Fz..I..NC..NP..P0..PD..PE..PI..PN..PP..PR..PT..PX..RG..RN..RP..SP..VAI..VAM..VAN..VAS..VMG..VMI..VMM..VMN..VMP..VMS..VSG..VSI..VSM..VSN..VSS..W..Z..Zm..Zp..[DONE]
MERGING MAPPING and MODELS FOR KNOWN WORDS...
WRITING MERGED MODELS FOR KNOWN WORDS...<Ancora_es_lc.M4.RL.MRG>
READING MAPPING FOR UNKNOWN WORDS...<Ancora_es_lc.UNK.M4.RL.SAMPLES.MAP>
READING SVM-MODELS FOR UNKNOWN WORDS...
AO..AQ..CC..CS..DI..DN..DP..DT..Fz..I..NC..NP..P0..PD..PI..PN..PT..PX..RG..RN..SP..VAI..VAN..VAS..VMG..VMI..VMM..VMN..VMP..VMS..VSI..VSN..VSS..W..Z..Zm..Zp..[DONE]
MERGING MAPPING and MODELS FOR UNKNOWN WORDS...
WRITING MERGED MODELS FOR UNKNOWN WORDS...<Ancora_es_lc.UNK.M4.RL.MRG>
BENCHMARK TIME: 6908.0000

TERMINATION... [DONE]
