This file contains any messages produced by compilers while
running configure, to aid debugging if configure makes a mistake.

configure:730: checking for a BSD compatible install
configure:783: checking whether build environment is sane
configure:840: checking whether make sets ${MAKE}
configure:886: checking for working aclocal
configure:899: checking for working autoconf
configure:912: checking for working automake
configure:925: checking for working autoheader
configure:938: checking for working makeinfo
configure:952: checking whether to enable maintainer-specific portions of Makefiles
configure:978: checking for gcc
configure:1091: checking whether the C compiler (gcc  ) works
configure:1107: gcc -o conftest    conftest.c  1>&5
configure:1133: checking whether the C compiler (gcc  ) is a cross-compiler
configure:1138: checking whether we are using GNU C
configure:1147: gcc -E conftest.c
configure:1166: checking whether gcc accepts -g
configure:1198: checking for Cygwin environment
configure:1214: gcc -c -g -O2  conftest.c 1>&5
configure: In function 'main':
configure:1210: error: '__CYGWIN32__' undeclared (first use in this function)
configure:1210: error: (Each undeclared identifier is reported only once
configure:1210: error: for each function it appears in.)
configure: failed program was:
#line 1203 "configure"
#include "confdefs.h"

int main() {

#ifndef __CYGWIN__
#define __CYGWIN__ __CYGWIN32__
#endif
return __CYGWIN__;
; return 0; }
configure:1231: checking for mingw32 environment
configure:1243: gcc -c -g -O2  conftest.c 1>&5
configure: In function 'main':
configure:1239: error: '__MINGW32__' undeclared (first use in this function)
configure:1239: error: (Each undeclared identifier is reported only once
configure:1239: error: for each function it appears in.)
configure: failed program was:
#line 1236 "configure"
#include "confdefs.h"

int main() {
return __MINGW32__;
; return 0; }
configure:1260: checking how to run the C preprocessor
configure:1281: gcc -E  conftest.c >/dev/null 2>conftest.out
configure:1415: checking host system type
configure:1436: checking build system type
configure:1465: checking for ld used by GCC
configure:1533: checking if the linker (/usr/llvm-gcc-4.2/libexec/gcc/i686-apple-darwin11/4.2.1/ld) is GNU ld
configure:1550: checking for /usr/llvm-gcc-4.2/libexec/gcc/i686-apple-darwin11/4.2.1/ld option to reload object files
configure:1562: checking for BSD-compatible nm
configure:1600: checking whether ln -s works
configure:1621: checking how to recognise dependant libraries
configure:1794: checking for object suffix
configure:1800: gcc -c -g -O2  conftest.c 1>&5
configure:1820: checking for executable suffix
configure:1830: gcc -o conftest -g -O2   conftest.c  1>&5
configure:1861: checking command to parse /opt/local/bin/nm output
configure:1937: gcc -c -g -O2  conftest.c 1>&5
configure:1940: /opt/local/bin/nm conftest.o | sed -n -e 's/^.*[ ]\([BCDEGRST][BCDEGRST]*\)[ ][ ]*\(\)\([_A-Za-z][_A-Za-z0-9]*\)$/\1 \2\3 \3/p' > conftest.nm
cannot find nm_test_var in conftest.nm
configure:1937: gcc -c -g -O2  conftest.c 1>&5
configure:1940: /opt/local/bin/nm conftest.o | sed -n -e 's/^.*[ ]\([BCDEGRST][BCDEGRST]*\)[ ][ ]*\(_\)\([_A-Za-z][_A-Za-z0-9]*\)$/\1 \2\3 \3/p' > conftest.nm
configure:1991: gcc -o conftest.dSYM -g -O2   conftest.c conftstm.o 1>&5
ld: can't open output file for writing: conftest.dSYM, errno=21 for architecture x86_64
collect2: ld returned 1 exit status
configure:2037: checking for dlfcn.h
configure:2047: gcc -E  conftest.c >/dev/null 2>conftest.out
configure:2215: checking for ranlib
configure:2282: checking for strip
configure:2518: checking for objdir
configure:2545: checking for gcc option to produce PIC
configure:2697: checking if gcc PIC flag -fno-common works
configure:2711: gcc -c -g -O2 -fno-common -DPIC  conftest.c 1>&5
configure:2763: checking if gcc static flag -static works
configure:2778: gcc -o conftest.dSYM -g -O2   -static conftest.c  1>&5
ld: library not found for -lcrt0.o
collect2: ld returned 1 exit status
configure: failed program was:
#line 2771 "configure"
#include "confdefs.h"

int main() {

; return 0; }
configure:2805: checking if gcc supports -c -o file.o
configure:2824: gcc -c -g -O2 -o out/conftest2.o  conftest.c 1>&5
configure:2853: checking if gcc supports -c -o file.lo
configure:2869: gcc -c -g -O2 -c -o conftest.lo  conftest.c 1>&5
configure:2918: checking if gcc supports -fno-rtti -fno-exceptions
configure:2931: gcc -c -g -O2 -fno-rtti -fno-exceptions -c conftest.c  conftest.c 1>&5
cc1: warning: command line option "-fno-rtti" is valid for C++/ObjC++ but not for C
cc1: warning: command line option "-fno-rtti" is valid for C++/ObjC++ but not for C
configure:2958: checking whether the linker (/usr/llvm-gcc-4.2/libexec/gcc/i686-apple-darwin11/4.2.1/ld) supports shared libraries
configure:3574: checking how to hardcode library paths into programs
configure:3602: checking whether stripping libraries is possible
configure:3616: checking dynamic linker characteristics
configure:4002: checking if libtool supports shared libraries
configure:4495: checking whether -lc should be explicitly linked in
configure:4502: gcc -c -g -O2  conftest.c 1>&5
configure:4515: gcc -dynamiclib  -o conftest conftest.o  -install_name /conftest  2>&1 | grep  -lc  >/dev/null 2>&1
configure:5104: checking for strerror in -lcposix
configure:5123: gcc -o conftest.dSYM -g -O2   conftest.c -lcposix   1>&5
ld: library not found for -lcposix
collect2: ld returned 1 exit status
configure: failed program was:
#line 5112 "configure"
#include "confdefs.h"
/* Override any gcc2 internal prototype to avoid an error.  */
/* We use char because int might match the return type of a gcc2
    builtin and then its argument prototype would still apply.  */
char strerror();

int main() {
strerror()
; return 0; }
configure:5150: checking for gawk
configure:5150: checking for mawk
configure:5150: checking for nawk
configure:5150: checking for awk
configure:5191: checking for a BSD compatible install
configure:5244: checking whether ln -s works
configure:5265: checking whether make sets ${MAKE}
configure:5297: checking for dirent.h that defines DIR
configure:5310: gcc -c -g -O2  conftest.c 1>&5
configure:5335: checking for opendir in -ldir
configure:5354: gcc -o conftest.dSYM -g -O2   conftest.c -ldir   1>&5
ld: library not found for -ldir
collect2: ld returned 1 exit status
configure: failed program was:
#line 5343 "configure"
#include "confdefs.h"
/* Override any gcc2 internal prototype to avoid an error.  */
/* We use char because int might match the return type of a gcc2
    builtin and then its argument prototype would still apply.  */
char opendir();

int main() {
opendir()
; return 0; }
configure:5418: checking for ANSI C header files
configure:5431: gcc -E  conftest.c >/dev/null 2>conftest.out
configure:5498: gcc -o conftest.dSYM -g -O2   conftest.c  1>&5
configure: In function 'main':
configure:5493: warning: incompatible implicit declaration of built-in function 'exit'
configure: failed program was:
#line 5487 "configure"
#include "confdefs.h"
#include <ctype.h>
#define ISLOWER(c) ('a' <= (c) && (c) <= 'z')
#define TOUPPER(c) (ISLOWER(c) ? 'A' + ((c) - 'a') : (c))
#define XOR(e, f) (((e) && !(f)) || (!(e) && (f)))
int main () { int i; for (i = 0; i < 256; i++)
if (XOR (islower (i), ISLOWER (i)) || toupper (i) != TOUPPER (i)) exit(2);
exit (0); }

configure:5522: checking for sys/wait.h that is POSIX.1 compatible
configure:5543: gcc -c -g -O2  conftest.c 1>&5
configure:5567: checking for fcntl.h
configure:5577: gcc -E  conftest.c >/dev/null 2>conftest.out
configure:5567: checking for limits.h
configure:5577: gcc -E  conftest.c >/dev/null 2>conftest.out
configure:5567: checking for sys/file.h
configure:5577: gcc -E  conftest.c >/dev/null 2>conftest.out
configure:5567: checking for sys/stat.h
configure:5577: gcc -E  conftest.c >/dev/null 2>conftest.out
configure:5567: checking for unistd.h
configure:5577: gcc -E  conftest.c >/dev/null 2>conftest.out
configure:5607: checking for sys/param.h
configure:5617: gcc -E  conftest.c >/dev/null 2>conftest.out
configure:5607: checking for sys/types.h
configure:5617: gcc -E  conftest.c >/dev/null 2>conftest.out
configure:5607: checking for netinet/in.h
configure:5617: gcc -E  conftest.c >/dev/null 2>conftest.out
configure:5647: checking for io.h
configure:5657: gcc -E  conftest.c >/dev/null 2>conftest.out
configure:5653:16: error: io.h: No such file or directory
configure: failed program was:
#line 5652 "configure"
#include "confdefs.h"
#include <io.h>
configure:5647: checking for windows.h
configure:5657: gcc -E  conftest.c >/dev/null 2>conftest.out
configure:5653:21: error: windows.h: No such file or directory
configure: failed program was:
#line 5652 "configure"
#include "confdefs.h"
#include <windows.h>
configure:5685: checking for off_t
configure:5718: checking for size_t
configure:5752: checking for 8-bit clean memcmp
configure:5770: gcc -o conftest.dSYM -g -O2   conftest.c  1>&5
configure: In function 'main':
configure:5765: warning: incompatible implicit declaration of built-in function 'exit'
configure: failed program was:
#line 5760 "configure"
#include "confdefs.h"

main()
{
  char c0 = 0x40, c1 = 0x80, c2 = 0x81;
  exit(memcmp(&c0, &c2, 1) < 0 && memcmp(&c1, &c2, 1) < 0 ? 0 : 1);
}

configure:5791: checking for stdlib.h
configure:5801: gcc -E  conftest.c >/dev/null 2>conftest.out
configure:5791: checking for unistd.h
configure:5791: checking for sys/stat.h
configure:5791: checking for sys/types.h
configure:5830: checking for getpagesize
configure:5858: gcc -o conftest.dSYM -g -O2   conftest.c  1>&5
configure:5883: checking for working mmap
configure:6044: gcc -o conftest.dSYM -g -O2   conftest.c  1>&5
configure:5975: error: conflicting types for 'malloc'
configure: In function 'main':
configure:6014: warning: cast from pointer to integer of different size
configure: failed program was:
#line 5891 "configure"
#include "confdefs.h"

/* Thanks to Mike Haertel and Jim Avera for this test.
   Here is a matrix of mmap possibilities:
	mmap private not fixed
	mmap private fixed at somewhere currently unmapped
	mmap private fixed at somewhere already mapped
	mmap shared not fixed
	mmap shared fixed at somewhere currently unmapped
	mmap shared fixed at somewhere already mapped
   For private mappings, we should verify that changes cannot be read()
   back from the file, nor mmap's back from the file at a different
   address.  (There have been systems where private was not correctly
   implemented like the infamous i386 svr4.0, and systems where the
   VM page cache was not coherent with the filesystem buffer cache
   like early versions of FreeBSD and possibly contemporary NetBSD.)
   For shared mappings, we should conversely verify that changes get
   propogated back to all the places they're supposed to be.

   Grep wants private fixed already mapped.
   The main things grep needs to know about mmap are:
   * does it exist and is it safe to write into the mmap'd area
   * how to use it (BSD variants)  */
#include <sys/types.h>
#include <fcntl.h>
#include <sys/mman.h>

#if HAVE_SYS_TYPES_H
# include <sys/types.h>
#endif

#if HAVE_STDLIB_H
# include <stdlib.h>
#endif

#if HAVE_SYS_STAT_H
# include <sys/stat.h>
#endif

#if HAVE_UNISTD_H
# include <unistd.h>
#endif

/* This mess was copied from the GNU getpagesize.h.  */
#ifndef HAVE_GETPAGESIZE

/* Assume that all systems that can run configure have sys/param.h.  */
# ifndef HAVE_SYS_PARAM_H
#  define HAVE_SYS_PARAM_H 1
# endif

# ifdef _SC_PAGESIZE
#  define getpagesize() sysconf(_SC_PAGESIZE)
# else /* no _SC_PAGESIZE */
#  ifdef HAVE_SYS_PARAM_H
#   include <sys/param.h>
#   ifdef EXEC_PAGESIZE
#    define getpagesize() EXEC_PAGESIZE
#   else /* no EXEC_PAGESIZE */
#    ifdef NBPG
#     define getpagesize() NBPG * CLSIZE
#     ifndef CLSIZE
#      define CLSIZE 1
#     endif /* no CLSIZE */
#    else /* no NBPG */
#     ifdef NBPC
#      define getpagesize() NBPC
#     else /* no NBPC */
#      ifdef PAGESIZE
#       define getpagesize() PAGESIZE
#      endif /* PAGESIZE */
#     endif /* no NBPC */
#    endif /* no NBPG */
#   endif /* no EXEC_PAGESIZE */
#  else /* no HAVE_SYS_PARAM_H */
#   define getpagesize() 8192	/* punt totally */
#  endif /* no HAVE_SYS_PARAM_H */
# endif /* no _SC_PAGESIZE */

#endif /* no HAVE_GETPAGESIZE */

#ifdef __cplusplus
extern "C" { void *malloc(unsigned); }
#else
char *malloc();
#endif

int
main()
{
	char *data, *data2, *data3;
	int i, pagesize;
	int fd;

	pagesize = getpagesize();

	/*
	 * First, make a file with some known garbage in it.
	 */
	data = malloc(pagesize);
	if (!data)
		exit(1);
	for (i = 0; i < pagesize; ++i)
		*(data + i) = rand();
	umask(0);
	fd = creat("conftestmmap", 0600);
	if (fd < 0)
		exit(1);
	if (write(fd, data, pagesize) != pagesize)
		exit(1);
	close(fd);

	/*
	 * Next, try to mmap the file at a fixed address which
	 * already has something else allocated at it.  If we can,
	 * also make sure that we see the same garbage.
	 */
	fd = open("conftestmmap", O_RDWR);
	if (fd < 0)
		exit(1);
	data2 = malloc(2 * pagesize);
	if (!data2)
		exit(1);
	data2 += (pagesize - ((int) data2 & (pagesize - 1))) & (pagesize - 1);
	if (data2 != mmap(data2, pagesize, PROT_READ | PROT_WRITE,
	    MAP_PRIVATE | MAP_FIXED, fd, 0L))
		exit(1);
	for (i = 0; i < pagesize; ++i)
		if (*(data + i) != *(data2 + i))
			exit(1);

	/*
	 * Finally, make sure that changes to the mapped area
	 * do not percolate back to the file as seen by read().
	 * (This is a bug on some variants of i386 svr4.0.)
	 */
	for (i = 0; i < pagesize; ++i)
		*(data2 + i) = *(data2 + i) + 1;
	data3 = malloc(pagesize);
	if (!data3)
		exit(1);
	if (read(fd, data3, pagesize) != pagesize)
		exit(1);
	for (i = 0; i < pagesize; ++i)
		if (*(data + i) != *(data3 + i))
			exit(1);
	close(fd);
	unlink("conftestmmap");
	exit(0);
}

configure:6067: checking return type of signal handlers
configure:6089: gcc -c -g -O2  conftest.c 1>&5
configure:6110: checking for htonl
configure:6138: gcc -o conftest.dSYM -g -O2   conftest.c  1>&5
configure:6163: checking for gethostname in -lnsl
configure:6182: gcc -o conftest.dSYM -g -O2   conftest.c -lnsl   1>&5
ld: library not found for -lnsl
collect2: ld returned 1 exit status
configure: failed program was:
#line 6171 "configure"
#include "confdefs.h"
/* Override any gcc2 internal prototype to avoid an error.  */
/* We use char because int might match the return type of a gcc2
    builtin and then its argument prototype would still apply.  */
char gethostname();

int main() {
gethostname()
; return 0; }
configure:6210: checking for socket in -lsocket
configure:6229: gcc -o conftest.dSYM -g -O2   conftest.c -lsocket   1>&5
ld: library not found for -lsocket
collect2: ld returned 1 exit status
configure: failed program was:
#line 6218 "configure"
#include "confdefs.h"
/* Override any gcc2 internal prototype to avoid an error.  */
/* We use char because int might match the return type of a gcc2
    builtin and then its argument prototype would still apply.  */
char socket();

int main() {
socket()
; return 0; }
configure:6264: checking whether byte ordering is bigendian
configure:6282: gcc -c -g -O2  conftest.c 1>&5
configure:6297: gcc -c -g -O2  conftest.c 1>&5
configure: In function 'main':
configure:6292: error: 'not' undeclared (first use in this function)
configure:6292: error: (Each undeclared identifier is reported only once
configure:6292: error: for each function it appears in.)
configure:6292: error: expected ';' before 'big'
configure: failed program was:
#line 6286 "configure"
#include "confdefs.h"
#include <sys/types.h>
#include <sys/param.h>
int main() {

#if BYTE_ORDER != BIG_ENDIAN
 not big endian
#endif
; return 0; }
