nohup: ignoring input
----------------------------------------------------------------------------------------
SVMTool v1.3
(C) 2006 TALP RESEARCH CENTER.
Written by Jesus Gimenez and Lluis Marquez.
----------------------------------------------------------------------------------------
TRAINING SET = /home/jgimenez/resources/corpora/Ancora/words_ca.WP
----------------------------------------------------------------------------------------
----------------------------------------------------------------------------------------

CREATING DICTIONARY <Ancora_ca.DICT> FROM </home/jgimenez/resources/corpora/Ancora/words_ca.WP>
AUTOMATICALLY REPAIRING DICTIONARY <Ancora_ca.DICT> [0.001] (#REPAIRINGS = 17)
..........10000..........20000..........30000..........40000..........50000..........60000..........70000..........80000..........90000..........100000..........110000..........120000..........130000..........140000..........150000..........160000..........170000..........180000....DICTIONARY <Ancora_ca.DICT> [39249 words]

*********************************************************************************************
BUILDING MODELS... [MODE = 1 :: DIRECTON = LR]
*********************************************************************************************


=============================================================================================
=============================================================================================
---------------------------------------------------------------------------------------------
---------------------------------------------------------------------------------------------
BUILDING MODELS ON WHOLE CORPUS </home/jgimenez/resources/corpora/Ancora/words_ca.WP>
C PARAMETER [MODE = 1 :: DIRECTON = LR]:   KNOWN [ C = 0.239 ] :: UNKNOWN [ C = 0.185 ]
---------------------------------------------------------------------------------------------
---------------------------------------------------------------------------------------------
---------------- KNOWN WORDS... [MODE = 1 :: DIRECTON = LR] -------------------
FEATURE EXTRACTION from < /home/jgimenez/resources/corpora/Ancora/words_ca.WP > onto < Ancora_ca.M1.LR.SAMPLES > .............10000..........20000..........30000..........40000..........50000..........60000..........70000..........80000..........90000..........100000..........110000..........120000..........130000..........140000..........150000..........160000..........170000..........180000..........190000..........200000..........210000..........220000..........230000..........240000..........250000..........260000..........270000..........280000..........290000..........300000..........310000..........320000..........330000..........340000..........350000..........360000..........370000..........380000..........390000..........400000..........410000..........420000..........430000..........440000..........450000..........460000..........470000..........480000...........488239 WORDS [DONE]
MAKING MAPPING from <Ancora_ca.M1.LR.SAMPLES>... [DONE]
FILTERING MAPING (minfreq = 2 :: maxmapsize = 100000)
WRITING MAPPING <Ancora_ca.M1.LR.SAMPLES.MAP>... [FREQ = 4] :: [SIZE = 94135] [DONE]
MAPPING DATA FEATURES from <Ancora_ca.M1.LR.SAMPLES> to <Ancora_ca.M1.LR.SAMPLES.DSF>.....184351 [DONE]
LEARNING SVM MODELS... [C = 0.239] ..AO..AQ..CC..CS..DA..DD..DE..DI..DN..DP..DR..DT..Fca..Fct..Fe..Fg..Fp..Fpa..Fpt..Fs..Fz..I..NC..NP..P0..PD..PI..PN..PP..PR..PT..PX..RG..RN..SP..VAG..VAI..VAN..VAP..VAS..VMG..VMI..VMM..VMN..VMP..VMS..VSG..VSI..VSM..VSN..VSP..VSS..W..Z..Zm..Zp [DONE]
BENCHMARK TIME: 1962.0000
---------------- UNKNOWN WORDS... [MODE = 1 :: DIRECTON = LR] -------------------
FEATURE EXTRACTION from < /home/jgimenez/resources/corpora/Ancora/words_ca.WP > onto < Ancora_ca.UNK.M1.LR.SAMPLES > ............................10000..........20000.........488239 WORDS [DONE]
MAKING MAPPING from <Ancora_ca.UNK.M1.LR.SAMPLES>... [DONE]
FILTERING MAPING (minfreq = 2 :: maxmapsize = 100000)
WRITING MAPPING <Ancora_ca.UNK.M1.LR.SAMPLES.MAP>... [FREQ = 2] :: [SIZE = 42773] [DONE]
MAPPING DATA FEATURES from <Ancora_ca.UNK.M1.LR.SAMPLES> to <Ancora_ca.UNK.M1.LR.SAMPLES.DSF>.....26473 [DONE]
LEARNING SVM MODELS... [C = 0.185] ..AO..AQ..CC..CS..DA..DI..DN..DP..Fg..I..NC..NP..P0..PI..PN..PP..PR..PT..RG..SP..VAI..VAS..VM0..VMG..VMI..VMM..VMN..VMP..VMS..VSI..VSS..W..Z..Zp [DONE]
BENCHMARK TIME: 380.0000
READING MAPPING FOR KNOWN WORDS...<Ancora_ca.M1.LR.SAMPLES.MAP>
READING SVM-MODELS FOR KNOWN WORDS...
AO..AQ..CC..CS..DA..DD..DE..DI..DN..DP..DR..DT..Fca..Fct..Fe..Fg..Fp..Fpa..Fpt..Fs..Fz..I..NC..NP..P0..PD..PI..PN..PP..PR..PT..PX..RG..RN..SP..VAG..VAI..VAN..VAP..VAS..VMG..VMI..VMM..VMN..VMP..VMS..VSG..VSI..VSM..VSN..VSP..VSS..W..Z..Zm..Zp..[DONE]
MERGING MAPPING and MODELS FOR KNOWN WORDS...
WRITING MERGED MODELS FOR KNOWN WORDS...<Ancora_ca.M1.LR.MRG>
READING MAPPING FOR UNKNOWN WORDS...<Ancora_ca.UNK.M1.LR.SAMPLES.MAP>
READING SVM-MODELS FOR UNKNOWN WORDS...
AO..AQ..CC..CS..DA..DI..DN..DP..Fg..I..NC..NP..P0..PI..PN..PP..PR..PT..RG..SP..VAI..VAS..VM0..VMG..VMI..VMM..VMN..VMP..VMS..VSI..VSS..W..Z..Zp..[DONE]
MERGING MAPPING and MODELS FOR UNKNOWN WORDS...
WRITING MERGED MODELS FOR UNKNOWN WORDS...<Ancora_ca.UNK.M1.LR.MRG>
..........10000..........20000..........30000..........40000..........50000..........60000..........70000..........80000..........90000..........100000..........110000..........120000..........130000..........140000..........150000..........160000..........170000..........180000....
*********************************************************************************************
BUILDING MODELS... [MODE = 1 :: DIRECTON = RL]
*********************************************************************************************


=============================================================================================
=============================================================================================
---------------------------------------------------------------------------------------------
---------------------------------------------------------------------------------------------
BUILDING MODELS ON WHOLE CORPUS <Ancora_ca.REV>
C PARAMETER [MODE = 1 :: DIRECTON = RL]:   KNOWN [ C = 0.167 ] :: UNKNOWN [ C = 0.176 ]
---------------------------------------------------------------------------------------------
---------------------------------------------------------------------------------------------
---------------- KNOWN WORDS... [MODE = 1 :: DIRECTON = RL] -------------------
FEATURE EXTRACTION from < Ancora_ca.REV > onto < Ancora_ca.M1.RL.SAMPLES > .............10000..........20000..........30000..........40000..........50000..........60000..........70000..........80000..........90000..........100000..........110000..........120000..........130000..........140000..........150000..........160000..........170000..........180000..........190000..........200000..........210000..........220000..........230000..........240000..........250000..........260000..........270000..........280000..........290000..........300000..........310000..........320000..........330000..........340000..........350000..........360000..........370000..........380000..........390000..........400000..........410000..........420000..........430000..........440000..........450000..........460000..........470000..........480000...........488239 WORDS [DONE]
MAKING MAPPING from <Ancora_ca.M1.RL.SAMPLES>... [DONE]
FILTERING MAPING (minfreq = 2 :: maxmapsize = 100000)
WRITING MAPPING <Ancora_ca.M1.RL.SAMPLES.MAP>... [FREQ = 4] :: [SIZE = 93649] [DONE]
MAPPING DATA FEATURES from <Ancora_ca.M1.RL.SAMPLES> to <Ancora_ca.M1.RL.SAMPLES.DSF>.....184351 [DONE]
LEARNING SVM MODELS... [C = 0.167] ..AO..AQ..CC..CS..DA..DD..DE..DI..DN..DP..DR..DT..Fca..Fct..Fe..Fg..Fp..Fpa..Fpt..Fs..Fz..I..NC..NP..P0..PD..PI..PN..PP..PR..PT..PX..RG..RN..SP..VAG..VAI..VAN..VAP..VAS..VMG..VMI..VMM..VMN..VMP..VMS..VSG..VSI..VSM..VSN..VSP..VSS..W..Z..Zm..Zp [DONE]
BENCHMARK TIME: 1890.0000
---------------- UNKNOWN WORDS... [MODE = 1 :: DIRECTON = RL] -------------------
FEATURE EXTRACTION from < Ancora_ca.REV > onto < Ancora_ca.UNK.M1.RL.SAMPLES > ...................................10000..........20000.........488239 WORDS [DONE]
MAKING MAPPING from <Ancora_ca.UNK.M1.RL.SAMPLES>... [DONE]
FILTERING MAPING (minfreq = 2 :: maxmapsize = 100000)
WRITING MAPPING <Ancora_ca.UNK.M1.RL.SAMPLES.MAP>... [FREQ = 2] :: [SIZE = 41887] [DONE]
MAPPING DATA FEATURES from <Ancora_ca.UNK.M1.RL.SAMPLES> to <Ancora_ca.UNK.M1.RL.SAMPLES.DSF>.....26000 [DONE]
LEARNING SVM MODELS... [C = 0.176] ..AO..AQ..CC..CS..DA..DI..DN..DP..Fg..I..NC..NP..P0..PI..PN..PP..PR..PT..RG..SP..VAI..VAS..VM0..VMG..VMI..VMM..VMN..VMP..VMS..VSI..VSS..W..Z..Zp [DONE]
BENCHMARK TIME: 376.0000
READING MAPPING FOR KNOWN WORDS...<Ancora_ca.M1.RL.SAMPLES.MAP>
READING SVM-MODELS FOR KNOWN WORDS...
AO..AQ..CC..CS..DA..DD..DE..DI..DN..DP..DR..DT..Fca..Fct..Fe..Fg..Fp..Fpa..Fpt..Fs..Fz..I..NC..NP..P0..PD..PI..PN..PP..PR..PT..PX..RG..RN..SP..VAG..VAI..VAN..VAP..VAS..VMG..VMI..VMM..VMN..VMP..VMS..VSG..VSI..VSM..VSN..VSP..VSS..W..Z..Zm..Zp..[DONE]
MERGING MAPPING and MODELS FOR KNOWN WORDS...
WRITING MERGED MODELS FOR KNOWN WORDS...<Ancora_ca.M1.RL.MRG>
READING MAPPING FOR UNKNOWN WORDS...<Ancora_ca.UNK.M1.RL.SAMPLES.MAP>
READING SVM-MODELS FOR UNKNOWN WORDS...
AO..AQ..CC..CS..DA..DI..DN..DP..Fg..I..NC..NP..P0..PI..PN..PP..PR..PT..RG..SP..VAI..VAS..VM0..VMG..VMI..VMM..VMN..VMP..VMS..VSI..VSS..W..Z..Zp..[DONE]
MERGING MAPPING and MODELS FOR UNKNOWN WORDS...
WRITING MERGED MODELS FOR UNKNOWN WORDS...<Ancora_ca.UNK.M1.RL.MRG>
..........10000..........20000..........30000..........40000..........50000..........60000..........70000..........80000..........90000..........100000..........110000..........120000..........130000..........140000..........150000..........160000..........170000..........180000....
*********************************************************************************************
BUILDING MODELS... [MODE = 2 :: DIRECTON = LR]
*********************************************************************************************


=============================================================================================
=============================================================================================
---------------------------------------------------------------------------------------------
---------------------------------------------------------------------------------------------
BUILDING MODELS ON WHOLE CORPUS </home/jgimenez/resources/corpora/Ancora/words_ca.WP>
C PARAMETER [MODE = 2 :: DIRECTON = LR]:   KNOWN [ C = 0.5 ] :: UNKNOWN [ C = 0.365 ]
---------------------------------------------------------------------------------------------
---------------------------------------------------------------------------------------------
---------------- KNOWN WORDS... [MODE = 2 :: DIRECTON = LR] -------------------
FEATURE EXTRACTION from < /home/jgimenez/resources/corpora/Ancora/words_ca.WP > onto < Ancora_ca.M2.LR.SAMPLES > .............10000..........20000..........30000..........40000..........50000..........60000..........70000..........80000..........90000..........100000..........110000..........120000..........130000..........140000..........150000..........160000..........170000..........180000..........190000..........200000..........210000..........220000..........230000..........240000..........250000..........260000..........270000..........280000..........290000..........300000..........310000..........320000..........330000..........340000..........350000..........360000..........370000..........380000..........390000..........400000..........410000..........420000..........430000..........440000..........450000..........460000..........470000..........480000...........488239 WORDS [DONE]
MAKING MAPPING from <Ancora_ca.M2.LR.SAMPLES>... [DONE]
FILTERING MAPING (minfreq = 2 :: maxmapsize = 100000)
WRITING MAPPING <Ancora_ca.M2.LR.SAMPLES.MAP>... [FREQ = 4] :: [SIZE = 71176] [DONE]
MAPPING DATA FEATURES from <Ancora_ca.M2.LR.SAMPLES> to <Ancora_ca.M2.LR.SAMPLES.DSF>.....184351 [DONE]
LEARNING SVM MODELS... [C = 0.5] ..AO..AQ..CC..CS..DA..DD..DE..DI..DN..DP..DR..DT..Fca..Fct..Fe..Fg..Fp..Fpa..Fpt..Fs..Fz..I..NC..NP..P0..PD..PI..PN..PP..PR..PT..PX..RG..RN..SP..VAG..VAI..VAN..VAP..VAS..VMG..VMI..VMM..VMN..VMP..VMS..VSG..VSI..VSM..VSN..VSP..VSS..W..Z..Zm..Zp [DONE]
BENCHMARK TIME: 1747.0000
---------------- UNKNOWN WORDS... [MODE = 2 :: DIRECTON = LR] -------------------
FEATURE EXTRACTION from < /home/jgimenez/resources/corpora/Ancora/words_ca.WP > onto < Ancora_ca.UNK.M2.LR.SAMPLES > ............................10000..........20000.........488239 WORDS [DONE]
MAKING MAPPING from <Ancora_ca.UNK.M2.LR.SAMPLES>... [DONE]
FILTERING MAPING (minfreq = 2 :: maxmapsize = 100000)
WRITING MAPPING <Ancora_ca.UNK.M2.LR.SAMPLES.MAP>... [FREQ = 2] :: [SIZE = 35871] [DONE]
MAPPING DATA FEATURES from <Ancora_ca.UNK.M2.LR.SAMPLES> to <Ancora_ca.UNK.M2.LR.SAMPLES.DSF>.....26473 [DONE]
LEARNING SVM MODELS... [C = 0.365] ..AO..AQ..CC..CS..DA..DI..DN..DP..Fg..I..NC..NP..P0..PI..PN..PP..PR..PT..RG..SP..VAI..VAS..VM0..VMG..VMI..VMM..VMN..VMP..VMS..VSI..VSS..W..Z..Zp [DONE]
BENCHMARK TIME: 253.0000
READING MAPPING FOR KNOWN WORDS...<Ancora_ca.M2.LR.SAMPLES.MAP>
READING SVM-MODELS FOR KNOWN WORDS...
AO..AQ..CC..CS..DA..DD..DE..DI..DN..DP..DR..DT..Fca..Fct..Fe..Fg..Fp..Fpa..Fpt..Fs..Fz..I..NC..NP..P0..PD..PI..PN..PP..PR..PT..PX..RG..RN..SP..VAG..VAI..VAN..VAP..VAS..VMG..VMI..VMM..VMN..VMP..VMS..VSG..VSI..VSM..VSN..VSP..VSS..W..Z..Zm..Zp..[DONE]
MERGING MAPPING and MODELS FOR KNOWN WORDS...
WRITING MERGED MODELS FOR KNOWN WORDS...<Ancora_ca.M2.LR.MRG>
READING MAPPING FOR UNKNOWN WORDS...<Ancora_ca.UNK.M2.LR.SAMPLES.MAP>
READING SVM-MODELS FOR UNKNOWN WORDS...
AO..AQ..CC..CS..DA..DI..DN..DP..Fg..I..NC..NP..P0..PI..PN..PP..PR..PT..RG..SP..VAI..VAS..VM0..VMG..VMI..VMM..VMN..VMP..VMS..VSI..VSS..W..Z..Zp..[DONE]
MERGING MAPPING and MODELS FOR UNKNOWN WORDS...
WRITING MERGED MODELS FOR UNKNOWN WORDS...<Ancora_ca.UNK.M2.LR.MRG>
..........10000..........20000..........30000..........40000..........50000..........60000..........70000..........80000..........90000..........100000..........110000..........120000..........130000..........140000..........150000..........160000..........170000..........180000....
*********************************************************************************************
BUILDING MODELS... [MODE = 2 :: DIRECTON = RL]
*********************************************************************************************


=============================================================================================
=============================================================================================
---------------------------------------------------------------------------------------------
---------------------------------------------------------------------------------------------
BUILDING MODELS ON WHOLE CORPUS <Ancora_ca.REV>
C PARAMETER [MODE = 2 :: DIRECTON = RL]:   KNOWN [ C = 3.65 ] :: UNKNOWN [ C = 0.5 ]
---------------------------------------------------------------------------------------------
---------------------------------------------------------------------------------------------
---------------- KNOWN WORDS... [MODE = 2 :: DIRECTON = RL] -------------------
FEATURE EXTRACTION from < Ancora_ca.REV > onto < Ancora_ca.M2.RL.SAMPLES > .............10000..........20000..........30000..........40000..........50000..........60000..........70000..........80000..........90000..........100000..........110000..........120000..........130000..........140000..........150000..........160000..........170000..........180000..........190000..........200000..........210000..........220000..........230000..........240000..........250000..........260000..........270000..........280000..........290000..........300000..........310000..........320000..........330000..........340000..........350000..........360000..........370000..........380000..........390000..........400000..........410000..........420000..........430000..........440000..........450000..........460000..........470000..........480000...........488239 WORDS [DONE]
MAKING MAPPING from <Ancora_ca.M2.RL.SAMPLES>... [DONE]
FILTERING MAPING (minfreq = 2 :: maxmapsize = 100000)
WRITING MAPPING <Ancora_ca.M2.RL.SAMPLES.MAP>... [FREQ = 4] :: [SIZE = 71190] [DONE]
MAPPING DATA FEATURES from <Ancora_ca.M2.RL.SAMPLES> to <Ancora_ca.M2.RL.SAMPLES.DSF>.....184351 [DONE]
LEARNING SVM MODELS... [C = 3.65] ..AO..AQ..CC..CS..DA..DD..DE..DI..DN..DP..DR..DT..Fca..Fct..Fe..Fg..Fp..Fpa..Fpt..Fs..Fz..I..NC..NP..P0..PD..PI..PN..PP..PR..PT..PX..RG..RN..SP..VAG..VAI..VAN..VAP..VAS..VMG..VMI..VMM..VMN..VMP..VMS..VSG..VSI..VSM..VSN..VSP..VSS..W..Z..Zm..Zp [DONE]
BENCHMARK TIME: 2302.0000
---------------- UNKNOWN WORDS... [MODE = 2 :: DIRECTON = RL] -------------------
FEATURE EXTRACTION from < Ancora_ca.REV > onto < Ancora_ca.UNK.M2.RL.SAMPLES > ...................................10000..........20000.........488239 WORDS [DONE]
MAKING MAPPING from <Ancora_ca.UNK.M2.RL.SAMPLES>... [DONE]
FILTERING MAPING (minfreq = 2 :: maxmapsize = 100000)
WRITING MAPPING <Ancora_ca.UNK.M2.RL.SAMPLES.MAP>... [FREQ = 2] :: [SIZE = 34998] [DONE]
MAPPING DATA FEATURES from <Ancora_ca.UNK.M2.RL.SAMPLES> to <Ancora_ca.UNK.M2.RL.SAMPLES.DSF>.....26000 [DONE]
LEARNING SVM MODELS... [C = 0.5] ..AO..AQ..CC..CS..DA..DI..DN..DP..Fg..I..NC..NP..P0..PI..PN..PP..PR..PT..RG..SP..VAI..VAS..VM0..VMG..VMI..VMM..VMN..VMP..VMS..VSI..VSS..W..Z..Zp [DONE]
BENCHMARK TIME: 269.0000
READING MAPPING FOR KNOWN WORDS...<Ancora_ca.M2.RL.SAMPLES.MAP>
READING SVM-MODELS FOR KNOWN WORDS...
AO..AQ..CC..CS..DA..DD..DE..DI..DN..DP..DR..DT..Fca..Fct..Fe..Fg..Fp..Fpa..Fpt..Fs..Fz..I..NC..NP..P0..PD..PI..PN..PP..PR..PT..PX..RG..RN..SP..VAG..VAI..VAN..VAP..VAS..VMG..VMI..VMM..VMN..VMP..VMS..VSG..VSI..VSM..VSN..VSP..VSS..W..Z..Zm..Zp..[DONE]
MERGING MAPPING and MODELS FOR KNOWN WORDS...
WRITING MERGED MODELS FOR KNOWN WORDS...<Ancora_ca.M2.RL.MRG>
READING MAPPING FOR UNKNOWN WORDS...<Ancora_ca.UNK.M2.RL.SAMPLES.MAP>
READING SVM-MODELS FOR UNKNOWN WORDS...
AO..AQ..CC..CS..DA..DI..DN..DP..Fg..I..NC..NP..P0..PI..PN..PP..PR..PT..RG..SP..VAI..VAS..VM0..VMG..VMI..VMM..VMN..VMP..VMS..VSI..VSS..W..Z..Zp..[DONE]
MERGING MAPPING and MODELS FOR UNKNOWN WORDS...
WRITING MERGED MODELS FOR UNKNOWN WORDS...<Ancora_ca.UNK.M2.RL.MRG>
BENCHMARK TIME: 12812.0000

TERMINATION... [DONE]
